CRITICAL - 2024-12-04 09:54:45 --> ErrorException: Undefined variable $successful
[Method: GET, Route: /]
in APPPATH\Views\Home\index.php on line 5.
 1 APPPATH\Views\Home\index.php(5): CodeIgniter\Debug\Exceptions->errorHandler(2, 'Undefined variable $successful', 'C:\\xampp\\htdocs\\TouristAgency\\app\\Views\\Home\\index.php', 5)
 2 SYSTEMPATH\View\View.php(234): include('C:\\xampp\\htdocs\\TouristAgency\\app\\Views\\Home\\index.php')
 3 SYSTEMPATH\View\View.php(237): CodeIgniter\View\View->CodeIgniter\View\{closure}()
 4 SYSTEMPATH\Common.php(1171): CodeIgniter\View\View->render('/Home/index', [], true)
 5 APPPATH\Controllers\Home.php(8): view('/Home/index')
 6 SYSTEMPATH\CodeIgniter.php(933): App\Controllers\Home->index()
 7 SYSTEMPATH\CodeIgniter.php(509): CodeIgniter\CodeIgniter->runController(Object(App\Controllers\Home))
 8 SYSTEMPATH\CodeIgniter.php(355): CodeIgniter\CodeIgniter->handleRequest(null, Object(Config\Cache), false)
 9 SYSTEMPATH\Boot.php(325): CodeIgniter\CodeIgniter->run()
10 SYSTEMPATH\Boot.php(67): CodeIgniter\Boot::runCodeIgniter(Object(CodeIgniter\CodeIgniter))
11 FCPATH\index.php(56): CodeIgniter\Boot::bootWeb(Object(Config\Paths))
12 SYSTEMPATH\rewrite.php(44): require_once('C:\\xampp\\htdocs\\TouristAgency\\public\\index.php')
CRITICAL - 2024-12-04 10:14:26 --> ErrorException: Undefined variable $successful
[Method: POST, Route: loggin]
in APPPATH\Controllers\Loggin.php on line 23.
 1 APPPATH\Controllers\Loggin.php(23): CodeIgniter\Debug\Exceptions->errorHandler(2, 'Undefined variable $successful', 'C:\\xampp\\htdocs\\TouristAgency\\app\\Controllers\\Loggin.php', 23)
 2 SYSTEMPATH\CodeIgniter.php(933): App\Controllers\Loggin->loggin()
 3 SYSTEMPATH\CodeIgniter.php(509): CodeIgniter\CodeIgniter->runController(Object(App\Controllers\Loggin))
 4 SYSTEMPATH\CodeIgniter.php(355): CodeIgniter\CodeIgniter->handleRequest(null, Object(Config\Cache), false)
 5 SYSTEMPATH\Boot.php(325): CodeIgniter\CodeIgniter->run()
 6 SYSTEMPATH\Boot.php(67): CodeIgniter\Boot::runCodeIgniter(Object(CodeIgniter\CodeIgniter))
 7 FCPATH\index.php(56): CodeIgniter\Boot::bootWeb(Object(Config\Paths))
 8 SYSTEMPATH\rewrite.php(44): require_once('C:\\xampp\\htdocs\\TouristAgency\\public\\index.php')
CRITICAL - 2024-12-04 10:14:36 --> ErrorException: Undefined variable $successful
[Method: POST, Route: loggin]
in APPPATH\Controllers\Loggin.php on line 23.
 1 APPPATH\Controllers\Loggin.php(23): CodeIgniter\Debug\Exceptions->errorHandler(2, 'Undefined variable $successful', 'C:\\xampp\\htdocs\\TouristAgency\\app\\Controllers\\Loggin.php', 23)
 2 SYSTEMPATH\CodeIgniter.php(933): App\Controllers\Loggin->loggin()
 3 SYSTEMPATH\CodeIgniter.php(509): CodeIgniter\CodeIgniter->runController(Object(App\Controllers\Loggin))
 4 SYSTEMPATH\CodeIgniter.php(355): CodeIgniter\CodeIgniter->handleRequest(null, Object(Config\Cache), false)
 5 SYSTEMPATH\Boot.php(325): CodeIgniter\CodeIgniter->run()
 6 SYSTEMPATH\Boot.php(67): CodeIgniter\Boot::runCodeIgniter(Object(CodeIgniter\CodeIgniter))
 7 FCPATH\index.php(56): CodeIgniter\Boot::bootWeb(Object(Config\Paths))
 8 SYSTEMPATH\rewrite.php(44): require_once('C:\\xampp\\htdocs\\TouristAgency\\public\\index.php')
CRITICAL - 2024-12-04 10:14:39 --> ErrorException: Undefined variable $successful
[Method: POST, Route: loggin]
in APPPATH\Controllers\Loggin.php on line 23.
 1 APPPATH\Controllers\Loggin.php(23): CodeIgniter\Debug\Exceptions->errorHandler(2, 'Undefined variable $successful', 'C:\\xampp\\htdocs\\TouristAgency\\app\\Controllers\\Loggin.php', 23)
 2 SYSTEMPATH\CodeIgniter.php(933): App\Controllers\Loggin->loggin()
 3 SYSTEMPATH\CodeIgniter.php(509): CodeIgniter\CodeIgniter->runController(Object(App\Controllers\Loggin))
 4 SYSTEMPATH\CodeIgniter.php(355): CodeIgniter\CodeIgniter->handleRequest(null, Object(Config\Cache), false)
 5 SYSTEMPATH\Boot.php(325): CodeIgniter\CodeIgniter->run()
 6 SYSTEMPATH\Boot.php(67): CodeIgniter\Boot::runCodeIgniter(Object(CodeIgniter\CodeIgniter))
 7 FCPATH\index.php(56): CodeIgniter\Boot::bootWeb(Object(Config\Paths))
 8 SYSTEMPATH\rewrite.php(44): require_once('C:\\xampp\\htdocs\\TouristAgency\\public\\index.php')
CRITICAL - 2024-12-04 10:14:53 --> ErrorException: Undefined variable $successful
[Method: POST, Route: loggin]
in APPPATH\Controllers\Loggin.php on line 23.
 1 APPPATH\Controllers\Loggin.php(23): CodeIgniter\Debug\Exceptions->errorHandler(2, 'Undefined variable $successful', 'C:\\xampp\\htdocs\\TouristAgency\\app\\Controllers\\Loggin.php', 23)
 2 SYSTEMPATH\CodeIgniter.php(933): App\Controllers\Loggin->loggin()
 3 SYSTEMPATH\CodeIgniter.php(509): CodeIgniter\CodeIgniter->runController(Object(App\Controllers\Loggin))
 4 SYSTEMPATH\CodeIgniter.php(355): CodeIgniter\CodeIgniter->handleRequest(null, Object(Config\Cache), false)
 5 SYSTEMPATH\Boot.php(325): CodeIgniter\CodeIgniter->run()
 6 SYSTEMPATH\Boot.php(67): CodeIgniter\Boot::runCodeIgniter(Object(CodeIgniter\CodeIgniter))
 7 FCPATH\index.php(56): CodeIgniter\Boot::bootWeb(Object(Config\Paths))
 8 SYSTEMPATH\rewrite.php(44): require_once('C:\\xampp\\htdocs\\TouristAgency\\public\\index.php')
CRITICAL - 2024-12-04 10:18:20 --> ErrorException: Undefined variable $successful
[Method: POST, Route: loggin]
in APPPATH\Controllers\Loggin.php on line 30.
 1 APPPATH\Controllers\Loggin.php(30): CodeIgniter\Debug\Exceptions->errorHandler(2, 'Undefined variable $successful', 'C:\\xampp\\htdocs\\TouristAgency\\app\\Controllers\\Loggin.php', 30)
 2 SYSTEMPATH\CodeIgniter.php(933): App\Controllers\Loggin->loggin()
 3 SYSTEMPATH\CodeIgniter.php(509): CodeIgniter\CodeIgniter->runController(Object(App\Controllers\Loggin))
 4 SYSTEMPATH\CodeIgniter.php(355): CodeIgniter\CodeIgniter->handleRequest(null, Object(Config\Cache), false)
 5 SYSTEMPATH\Boot.php(325): CodeIgniter\CodeIgniter->run()
 6 SYSTEMPATH\Boot.php(67): CodeIgniter\Boot::runCodeIgniter(Object(CodeIgniter\CodeIgniter))
 7 FCPATH\index.php(56): CodeIgniter\Boot::bootWeb(Object(Config\Paths))
 8 SYSTEMPATH\rewrite.php(44): require_once('C:\\xampp\\htdocs\\TouristAgency\\public\\index.php')
CRITICAL - 2024-12-04 10:24:25 --> ErrorException: Attempt to read property "email" on null
[Method: POST, Route: loggin]
in APPPATH\Controllers\Loggin.php on line 21.
 1 APPPATH\Controllers\Loggin.php(21): CodeIgniter\Debug\Exceptions->errorHandler(2, 'Attempt to read property "email" on null', 'C:\\xampp\\htdocs\\TouristAgency\\app\\Controllers\\Loggin.php', 21)
 2 SYSTEMPATH\CodeIgniter.php(933): App\Controllers\Loggin->loggin()
 3 SYSTEMPATH\CodeIgniter.php(509): CodeIgniter\CodeIgniter->runController(Object(App\Controllers\Loggin))
 4 SYSTEMPATH\CodeIgniter.php(355): CodeIgniter\CodeIgniter->handleRequest(null, Object(Config\Cache), false)
 5 SYSTEMPATH\Boot.php(325): CodeIgniter\CodeIgniter->run()
 6 SYSTEMPATH\Boot.php(67): CodeIgniter\Boot::runCodeIgniter(Object(CodeIgniter\CodeIgniter))
 7 FCPATH\index.php(56): CodeIgniter\Boot::bootWeb(Object(Config\Paths))
 8 SYSTEMPATH\rewrite.php(44): require_once('C:\\xampp\\htdocs\\TouristAgency\\public\\index.php')
CRITICAL - 2024-12-04 10:27:00 --> ErrorException: Attempt to read property "email" on null
[Method: POST, Route: loggin]
in APPPATH\Controllers\Loggin.php on line 21.
 1 APPPATH\Controllers\Loggin.php(21): CodeIgniter\Debug\Exceptions->errorHandler(2, 'Attempt to read property "email" on null', 'C:\\xampp\\htdocs\\TouristAgency\\app\\Controllers\\Loggin.php', 21)
 2 SYSTEMPATH\CodeIgniter.php(933): App\Controllers\Loggin->loggin()
 3 SYSTEMPATH\CodeIgniter.php(509): CodeIgniter\CodeIgniter->runController(Object(App\Controllers\Loggin))
 4 SYSTEMPATH\CodeIgniter.php(355): CodeIgniter\CodeIgniter->handleRequest(null, Object(Config\Cache), false)
 5 SYSTEMPATH\Boot.php(325): CodeIgniter\CodeIgniter->run()
 6 SYSTEMPATH\Boot.php(67): CodeIgniter\Boot::runCodeIgniter(Object(CodeIgniter\CodeIgniter))
 7 FCPATH\index.php(56): CodeIgniter\Boot::bootWeb(Object(Config\Paths))
 8 SYSTEMPATH\rewrite.php(44): require_once('C:\\xampp\\htdocs\\TouristAgency\\public\\index.php')
CRITICAL - 2024-12-04 10:27:06 --> ErrorException: Attempt to read property "email" on null
[Method: POST, Route: loggin]
in APPPATH\Controllers\Loggin.php on line 21.
 1 APPPATH\Controllers\Loggin.php(21): CodeIgniter\Debug\Exceptions->errorHandler(2, 'Attempt to read property "email" on null', 'C:\\xampp\\htdocs\\TouristAgency\\app\\Controllers\\Loggin.php', 21)
 2 SYSTEMPATH\CodeIgniter.php(933): App\Controllers\Loggin->loggin()
 3 SYSTEMPATH\CodeIgniter.php(509): CodeIgniter\CodeIgniter->runController(Object(App\Controllers\Loggin))
 4 SYSTEMPATH\CodeIgniter.php(355): CodeIgniter\CodeIgniter->handleRequest(null, Object(Config\Cache), false)
 5 SYSTEMPATH\Boot.php(325): CodeIgniter\CodeIgniter->run()
 6 SYSTEMPATH\Boot.php(67): CodeIgniter\Boot::runCodeIgniter(Object(CodeIgniter\CodeIgniter))
 7 FCPATH\index.php(56): CodeIgniter\Boot::bootWeb(Object(Config\Paths))
 8 SYSTEMPATH\rewrite.php(44): require_once('C:\\xampp\\htdocs\\TouristAgency\\public\\index.php')
CRITICAL - 2024-12-04 10:30:04 --> TypeError: CodeIgniter\Database\BaseBuilder::get(): Argument #1 ($limit) must be of type ?int, string given, called in C:\xampp\htdocs\TouristAgency\system\Model.php on line 930
[Method: POST, Route: loggin]
in SYSTEMPATH\Database\BaseBuilder.php on line 1631.
 1 SYSTEMPATH\Model.php(930): CodeIgniter\Database\BaseBuilder->get('Arhitector')
 2 APPPATH\Controllers\Loggin.php(19): CodeIgniter\Model->__call('get', [...])
 3 SYSTEMPATH\CodeIgniter.php(933): App\Controllers\Loggin->loggin()
 4 SYSTEMPATH\CodeIgniter.php(509): CodeIgniter\CodeIgniter->runController(Object(App\Controllers\Loggin))
 5 SYSTEMPATH\CodeIgniter.php(355): CodeIgniter\CodeIgniter->handleRequest(null, Object(Config\Cache), false)
 6 SYSTEMPATH\Boot.php(325): CodeIgniter\CodeIgniter->run()
 7 SYSTEMPATH\Boot.php(67): CodeIgniter\Boot::runCodeIgniter(Object(CodeIgniter\CodeIgniter))
 8 FCPATH\index.php(56): CodeIgniter\Boot::bootWeb(Object(Config\Paths))
 9 SYSTEMPATH\rewrite.php(44): require_once('C:\\xampp\\htdocs\\TouristAgency\\public\\index.php')
CRITICAL - 2024-12-04 10:30:29 --> TypeError: CodeIgniter\Database\BaseBuilder::get(): Argument #1 ($limit) must be of type ?int, string given, called in C:\xampp\htdocs\TouristAgency\system\Model.php on line 930
[Method: POST, Route: loggin]
in SYSTEMPATH\Database\BaseBuilder.php on line 1631.
 1 SYSTEMPATH\Model.php(930): CodeIgniter\Database\BaseBuilder->get('Arhitector')
 2 APPPATH\Controllers\Loggin.php(19): CodeIgniter\Model->__call('get', [...])
 3 SYSTEMPATH\CodeIgniter.php(933): App\Controllers\Loggin->loggin()
 4 SYSTEMPATH\CodeIgniter.php(509): CodeIgniter\CodeIgniter->runController(Object(App\Controllers\Loggin))
 5 SYSTEMPATH\CodeIgniter.php(355): CodeIgniter\CodeIgniter->handleRequest(null, Object(Config\Cache), false)
 6 SYSTEMPATH\Boot.php(325): CodeIgniter\CodeIgniter->run()
 7 SYSTEMPATH\Boot.php(67): CodeIgniter\Boot::runCodeIgniter(Object(CodeIgniter\CodeIgniter))
 8 FCPATH\index.php(56): CodeIgniter\Boot::bootWeb(Object(Config\Paths))
 9 SYSTEMPATH\rewrite.php(44): require_once('C:\\xampp\\htdocs\\TouristAgency\\public\\index.php')
CRITICAL - 2024-12-04 10:32:11 --> ErrorException: Trying to access array offset on value of type null
[Method: POST, Route: loggin]
in APPPATH\Controllers\Loggin.php on line 22.
 1 APPPATH\Controllers\Loggin.php(22): CodeIgniter\Debug\Exceptions->errorHandler(2, 'Trying to access array offset on value of type null', 'C:\\xampp\\htdocs\\TouristAgency\\app\\Controllers\\Loggin.php', 22)
 2 SYSTEMPATH\CodeIgniter.php(933): App\Controllers\Loggin->loggin()
 3 SYSTEMPATH\CodeIgniter.php(509): CodeIgniter\CodeIgniter->runController(Object(App\Controllers\Loggin))
 4 SYSTEMPATH\CodeIgniter.php(355): CodeIgniter\CodeIgniter->handleRequest(null, Object(Config\Cache), false)
 5 SYSTEMPATH\Boot.php(325): CodeIgniter\CodeIgniter->run()
 6 SYSTEMPATH\Boot.php(67): CodeIgniter\Boot::runCodeIgniter(Object(CodeIgniter\CodeIgniter))
 7 FCPATH\index.php(56): CodeIgniter\Boot::bootWeb(Object(Config\Paths))
 8 SYSTEMPATH\rewrite.php(44): require_once('C:\\xampp\\htdocs\\TouristAgency\\public\\index.php')
CRITICAL - 2024-12-04 10:32:17 --> ErrorException: Trying to access array offset on value of type null
[Method: POST, Route: loggin]
in APPPATH\Controllers\Loggin.php on line 22.
 1 APPPATH\Controllers\Loggin.php(22): CodeIgniter\Debug\Exceptions->errorHandler(2, 'Trying to access array offset on value of type null', 'C:\\xampp\\htdocs\\TouristAgency\\app\\Controllers\\Loggin.php', 22)
 2 SYSTEMPATH\CodeIgniter.php(933): App\Controllers\Loggin->loggin()
 3 SYSTEMPATH\CodeIgniter.php(509): CodeIgniter\CodeIgniter->runController(Object(App\Controllers\Loggin))
 4 SYSTEMPATH\CodeIgniter.php(355): CodeIgniter\CodeIgniter->handleRequest(null, Object(Config\Cache), false)
 5 SYSTEMPATH\Boot.php(325): CodeIgniter\CodeIgniter->run()
 6 SYSTEMPATH\Boot.php(67): CodeIgniter\Boot::runCodeIgniter(Object(CodeIgniter\CodeIgniter))
 7 FCPATH\index.php(56): CodeIgniter\Boot::bootWeb(Object(Config\Paths))
 8 SYSTEMPATH\rewrite.php(44): require_once('C:\\xampp\\htdocs\\TouristAgency\\public\\index.php')
CRITICAL - 2024-12-04 10:35:06 --> ErrorException: Attempt to read property "email" on null
[Method: POST, Route: loggin]
in APPPATH\Controllers\Loggin.php on line 22.
 1 APPPATH\Controllers\Loggin.php(22): CodeIgniter\Debug\Exceptions->errorHandler(2, 'Attempt to read property "email" on null', 'C:\\xampp\\htdocs\\TouristAgency\\app\\Controllers\\Loggin.php', 22)
 2 SYSTEMPATH\CodeIgniter.php(933): App\Controllers\Loggin->loggin()
 3 SYSTEMPATH\CodeIgniter.php(509): CodeIgniter\CodeIgniter->runController(Object(App\Controllers\Loggin))
 4 SYSTEMPATH\CodeIgniter.php(355): CodeIgniter\CodeIgniter->handleRequest(null, Object(Config\Cache), false)
 5 SYSTEMPATH\Boot.php(325): CodeIgniter\CodeIgniter->run()
 6 SYSTEMPATH\Boot.php(67): CodeIgniter\Boot::runCodeIgniter(Object(CodeIgniter\CodeIgniter))
 7 FCPATH\index.php(56): CodeIgniter\Boot::bootWeb(Object(Config\Paths))
 8 SYSTEMPATH\rewrite.php(44): require_once('C:\\xampp\\htdocs\\TouristAgency\\public\\index.php')
CRITICAL - 2024-12-04 10:35:33 --> ErrorException: Attempt to read property "email" on null
[Method: POST, Route: loggin]
in APPPATH\Controllers\Loggin.php on line 22.
 1 APPPATH\Controllers\Loggin.php(22): CodeIgniter\Debug\Exceptions->errorHandler(2, 'Attempt to read property "email" on null', 'C:\\xampp\\htdocs\\TouristAgency\\app\\Controllers\\Loggin.php', 22)
 2 SYSTEMPATH\CodeIgniter.php(933): App\Controllers\Loggin->loggin()
 3 SYSTEMPATH\CodeIgniter.php(509): CodeIgniter\CodeIgniter->runController(Object(App\Controllers\Loggin))
 4 SYSTEMPATH\CodeIgniter.php(355): CodeIgniter\CodeIgniter->handleRequest(null, Object(Config\Cache), false)
 5 SYSTEMPATH\Boot.php(325): CodeIgniter\CodeIgniter->run()
 6 SYSTEMPATH\Boot.php(67): CodeIgniter\Boot::runCodeIgniter(Object(CodeIgniter\CodeIgniter))
 7 FCPATH\index.php(56): CodeIgniter\Boot::bootWeb(Object(Config\Paths))
 8 SYSTEMPATH\rewrite.php(44): require_once('C:\\xampp\\htdocs\\TouristAgency\\public\\index.php')
CRITICAL - 2024-12-04 10:36:10 --> ErrorException: Attempt to read property "email" on null
[Method: POST, Route: loggin]
in APPPATH\Controllers\Loggin.php on line 22.
 1 APPPATH\Controllers\Loggin.php(22): CodeIgniter\Debug\Exceptions->errorHandler(2, 'Attempt to read property "email" on null', 'C:\\xampp\\htdocs\\TouristAgency\\app\\Controllers\\Loggin.php', 22)
 2 SYSTEMPATH\CodeIgniter.php(933): App\Controllers\Loggin->loggin()
 3 SYSTEMPATH\CodeIgniter.php(509): CodeIgniter\CodeIgniter->runController(Object(App\Controllers\Loggin))
 4 SYSTEMPATH\CodeIgniter.php(355): CodeIgniter\CodeIgniter->handleRequest(null, Object(Config\Cache), false)
 5 SYSTEMPATH\Boot.php(325): CodeIgniter\CodeIgniter->run()
 6 SYSTEMPATH\Boot.php(67): CodeIgniter\Boot::runCodeIgniter(Object(CodeIgniter\CodeIgniter))
 7 FCPATH\index.php(56): CodeIgniter\Boot::bootWeb(Object(Config\Paths))
 8 SYSTEMPATH\rewrite.php(44): require_once('C:\\xampp\\htdocs\\TouristAgency\\public\\index.php')
CRITICAL - 2024-12-04 10:36:45 --> ErrorException: Attempt to read property "email" on null
[Method: POST, Route: loggin]
in APPPATH\Controllers\Loggin.php on line 22.
 1 APPPATH\Controllers\Loggin.php(22): CodeIgniter\Debug\Exceptions->errorHandler(2, 'Attempt to read property "email" on null', 'C:\\xampp\\htdocs\\TouristAgency\\app\\Controllers\\Loggin.php', 22)
 2 SYSTEMPATH\CodeIgniter.php(933): App\Controllers\Loggin->loggin()
 3 SYSTEMPATH\CodeIgniter.php(509): CodeIgniter\CodeIgniter->runController(Object(App\Controllers\Loggin))
 4 SYSTEMPATH\CodeIgniter.php(355): CodeIgniter\CodeIgniter->handleRequest(null, Object(Config\Cache), false)
 5 SYSTEMPATH\Boot.php(325): CodeIgniter\CodeIgniter->run()
 6 SYSTEMPATH\Boot.php(67): CodeIgniter\Boot::runCodeIgniter(Object(CodeIgniter\CodeIgniter))
 7 FCPATH\index.php(56): CodeIgniter\Boot::bootWeb(Object(Config\Paths))
 8 SYSTEMPATH\rewrite.php(44): require_once('C:\\xampp\\htdocs\\TouristAgency\\public\\index.php')
CRITICAL - 2024-12-04 10:36:49 --> ErrorException: Attempt to read property "email" on null
[Method: POST, Route: loggin]
in APPPATH\Controllers\Loggin.php on line 22.
 1 APPPATH\Controllers\Loggin.php(22): CodeIgniter\Debug\Exceptions->errorHandler(2, 'Attempt to read property "email" on null', 'C:\\xampp\\htdocs\\TouristAgency\\app\\Controllers\\Loggin.php', 22)
 2 SYSTEMPATH\CodeIgniter.php(933): App\Controllers\Loggin->loggin()
 3 SYSTEMPATH\CodeIgniter.php(509): CodeIgniter\CodeIgniter->runController(Object(App\Controllers\Loggin))
 4 SYSTEMPATH\CodeIgniter.php(355): CodeIgniter\CodeIgniter->handleRequest(null, Object(Config\Cache), false)
 5 SYSTEMPATH\Boot.php(325): CodeIgniter\CodeIgniter->run()
 6 SYSTEMPATH\Boot.php(67): CodeIgniter\Boot::runCodeIgniter(Object(CodeIgniter\CodeIgniter))
 7 FCPATH\index.php(56): CodeIgniter\Boot::bootWeb(Object(Config\Paths))
 8 SYSTEMPATH\rewrite.php(44): require_once('C:\\xampp\\htdocs\\TouristAgency\\public\\index.php')
CRITICAL - 2024-12-04 10:36:53 --> ErrorException: Attempt to read property "email" on null
[Method: POST, Route: loggin]
in APPPATH\Controllers\Loggin.php on line 22.
 1 APPPATH\Controllers\Loggin.php(22): CodeIgniter\Debug\Exceptions->errorHandler(2, 'Attempt to read property "email" on null', 'C:\\xampp\\htdocs\\TouristAgency\\app\\Controllers\\Loggin.php', 22)
 2 SYSTEMPATH\CodeIgniter.php(933): App\Controllers\Loggin->loggin()
 3 SYSTEMPATH\CodeIgniter.php(509): CodeIgniter\CodeIgniter->runController(Object(App\Controllers\Loggin))
 4 SYSTEMPATH\CodeIgniter.php(355): CodeIgniter\CodeIgniter->handleRequest(null, Object(Config\Cache), false)
 5 SYSTEMPATH\Boot.php(325): CodeIgniter\CodeIgniter->run()
 6 SYSTEMPATH\Boot.php(67): CodeIgniter\Boot::runCodeIgniter(Object(CodeIgniter\CodeIgniter))
 7 FCPATH\index.php(56): CodeIgniter\Boot::bootWeb(Object(Config\Paths))
 8 SYSTEMPATH\rewrite.php(44): require_once('C:\\xampp\\htdocs\\TouristAgency\\public\\index.php')
CRITICAL - 2024-12-04 10:37:35 --> ErrorException: Array to string conversion
[Method: GET, Route: /]
in APPPATH\Views\Home\index.php on line 5.
 1 APPPATH\Views\Home\index.php(5): CodeIgniter\Debug\Exceptions->errorHandler(2, 'Array to string conversion', 'C:\\xampp\\htdocs\\TouristAgency\\app\\Views\\Home\\index.php', 5)
 2 SYSTEMPATH\View\View.php(234): include('C:\\xampp\\htdocs\\TouristAgency\\app\\Views\\Home\\index.php')
 3 SYSTEMPATH\View\View.php(237): CodeIgniter\View\View->CodeIgniter\View\{closure}()
 4 SYSTEMPATH\Common.php(1171): CodeIgniter\View\View->render('/Home/index', [], true)
 5 APPPATH\Controllers\Home.php(8): view('/Home/index')
 6 SYSTEMPATH\CodeIgniter.php(933): App\Controllers\Home->index()
 7 SYSTEMPATH\CodeIgniter.php(509): CodeIgniter\CodeIgniter->runController(Object(App\Controllers\Home))
 8 SYSTEMPATH\CodeIgniter.php(355): CodeIgniter\CodeIgniter->handleRequest(null, Object(Config\Cache), false)
 9 SYSTEMPATH\Boot.php(325): CodeIgniter\CodeIgniter->run()
10 SYSTEMPATH\Boot.php(67): CodeIgniter\Boot::runCodeIgniter(Object(CodeIgniter\CodeIgniter))
11 FCPATH\index.php(56): CodeIgniter\Boot::bootWeb(Object(Config\Paths))
12 SYSTEMPATH\rewrite.php(44): require_once('C:\\xampp\\htdocs\\TouristAgency\\public\\index.php')
CRITICAL - 2024-12-04 10:37:44 --> ErrorException: Array to string conversion
[Method: GET, Route: /]
in APPPATH\Views\Home\index.php on line 5.
 1 APPPATH\Views\Home\index.php(5): CodeIgniter\Debug\Exceptions->errorHandler(2, 'Array to string conversion', 'C:\\xampp\\htdocs\\TouristAgency\\app\\Views\\Home\\index.php', 5)
 2 SYSTEMPATH\View\View.php(234): include('C:\\xampp\\htdocs\\TouristAgency\\app\\Views\\Home\\index.php')
 3 SYSTEMPATH\View\View.php(237): CodeIgniter\View\View->CodeIgniter\View\{closure}()
 4 SYSTEMPATH\Common.php(1171): CodeIgniter\View\View->render('/Home/index', [], true)
 5 APPPATH\Controllers\Home.php(8): view('/Home/index')
 6 SYSTEMPATH\CodeIgniter.php(933): App\Controllers\Home->index()
 7 SYSTEMPATH\CodeIgniter.php(509): CodeIgniter\CodeIgniter->runController(Object(App\Controllers\Home))
 8 SYSTEMPATH\CodeIgniter.php(355): CodeIgniter\CodeIgniter->handleRequest(null, Object(Config\Cache), false)
 9 SYSTEMPATH\Boot.php(325): CodeIgniter\CodeIgniter->run()
10 SYSTEMPATH\Boot.php(67): CodeIgniter\Boot::runCodeIgniter(Object(CodeIgniter\CodeIgniter))
11 FCPATH\index.php(56): CodeIgniter\Boot::bootWeb(Object(Config\Paths))
12 SYSTEMPATH\rewrite.php(44): require_once('C:\\xampp\\htdocs\\TouristAgency\\public\\index.php')
CRITICAL - 2024-12-04 10:38:02 --> Error: Object of class App\Entities\User could not be converted to string
[Method: GET, Route: /]
in APPPATH\Views\Home\index.php on line 5.
 1 SYSTEMPATH\View\View.php(234): include()
 2 SYSTEMPATH\View\View.php(237): CodeIgniter\View\View->CodeIgniter\View\{closure}()
 3 SYSTEMPATH\Common.php(1171): CodeIgniter\View\View->render('/Home/index', [], true)
 4 APPPATH\Controllers\Home.php(8): view('/Home/index')
 5 SYSTEMPATH\CodeIgniter.php(933): App\Controllers\Home->index()
 6 SYSTEMPATH\CodeIgniter.php(509): CodeIgniter\CodeIgniter->runController(Object(App\Controllers\Home))
 7 SYSTEMPATH\CodeIgniter.php(355): CodeIgniter\CodeIgniter->handleRequest(null, Object(Config\Cache), false)
 8 SYSTEMPATH\Boot.php(325): CodeIgniter\CodeIgniter->run()
 9 SYSTEMPATH\Boot.php(67): CodeIgniter\Boot::runCodeIgniter(Object(CodeIgniter\CodeIgniter))
10 FCPATH\index.php(56): CodeIgniter\Boot::bootWeb(Object(Config\Paths))
11 SYSTEMPATH\rewrite.php(44): require_once('C:\\xampp\\htdocs\\TouristAgency\\public\\index.php')
CRITICAL - 2024-12-04 10:38:11 --> Error: Object of class App\Entities\User could not be converted to string
[Method: GET, Route: /]
in APPPATH\Views\Home\index.php on line 5.
 1 SYSTEMPATH\View\View.php(234): include()
 2 SYSTEMPATH\View\View.php(237): CodeIgniter\View\View->CodeIgniter\View\{closure}()
 3 SYSTEMPATH\Common.php(1171): CodeIgniter\View\View->render('/Home/index', [], true)
 4 APPPATH\Controllers\Home.php(8): view('/Home/index')
 5 SYSTEMPATH\CodeIgniter.php(933): App\Controllers\Home->index()
 6 SYSTEMPATH\CodeIgniter.php(509): CodeIgniter\CodeIgniter->runController(Object(App\Controllers\Home))
 7 SYSTEMPATH\CodeIgniter.php(355): CodeIgniter\CodeIgniter->handleRequest(null, Object(Config\Cache), false)
 8 SYSTEMPATH\Boot.php(325): CodeIgniter\CodeIgniter->run()
 9 SYSTEMPATH\Boot.php(67): CodeIgniter\Boot::runCodeIgniter(Object(CodeIgniter\CodeIgniter))
10 FCPATH\index.php(56): CodeIgniter\Boot::bootWeb(Object(Config\Paths))
11 SYSTEMPATH\rewrite.php(44): require_once('C:\\xampp\\htdocs\\TouristAgency\\public\\index.php')
CRITICAL - 2024-12-04 10:39:06 --> ParseError: syntax error, unexpected token "}"
[Method: POST, Route: loggin]
in APPPATH\Controllers\Loggin.php on line 23.
 1 SYSTEMPATH\Autoloader\Autoloader.php(296): CodeIgniter\Autoloader\Autoloader->includeFile('C:\\xampp\\htdocs\\TouristAgency\\app\\Controllers\\Loggin.php')
 2 SYSTEMPATH\Autoloader\Autoloader.php(272): CodeIgniter\Autoloader\Autoloader->loadInNamespace('App\\Controllers\\Loggin')
 3 [internal function]: CodeIgniter\Autoloader\Autoloader->loadClass('App\\Controllers\\Loggin')
 4 SYSTEMPATH\CodeIgniter.php(887): class_exists('\\App\\Controllers\\Loggin', true)
 5 SYSTEMPATH\CodeIgniter.php(496): CodeIgniter\CodeIgniter->startController()
 6 SYSTEMPATH\CodeIgniter.php(355): CodeIgniter\CodeIgniter->handleRequest(null, Object(Config\Cache), false)
 7 SYSTEMPATH\Boot.php(325): CodeIgniter\CodeIgniter->run()
 8 SYSTEMPATH\Boot.php(67): CodeIgniter\Boot::runCodeIgniter(Object(CodeIgniter\CodeIgniter))
 9 FCPATH\index.php(56): CodeIgniter\Boot::bootWeb(Object(Config\Paths))
10 SYSTEMPATH\rewrite.php(44): require_once('C:\\xampp\\htdocs\\TouristAgency\\public\\index.php')
CRITICAL - 2024-12-04 10:39:08 --> ParseError: syntax error, unexpected token "}"
[Method: POST, Route: loggin]
in APPPATH\Controllers\Loggin.php on line 23.
 1 SYSTEMPATH\Autoloader\Autoloader.php(296): CodeIgniter\Autoloader\Autoloader->includeFile('C:\\xampp\\htdocs\\TouristAgency\\app\\Controllers\\Loggin.php')
 2 SYSTEMPATH\Autoloader\Autoloader.php(272): CodeIgniter\Autoloader\Autoloader->loadInNamespace('App\\Controllers\\Loggin')
 3 [internal function]: CodeIgniter\Autoloader\Autoloader->loadClass('App\\Controllers\\Loggin')
 4 SYSTEMPATH\CodeIgniter.php(887): class_exists('\\App\\Controllers\\Loggin', true)
 5 SYSTEMPATH\CodeIgniter.php(496): CodeIgniter\CodeIgniter->startController()
 6 SYSTEMPATH\CodeIgniter.php(355): CodeIgniter\CodeIgniter->handleRequest(null, Object(Config\Cache), false)
 7 SYSTEMPATH\Boot.php(325): CodeIgniter\CodeIgniter->run()
 8 SYSTEMPATH\Boot.php(67): CodeIgniter\Boot::runCodeIgniter(Object(CodeIgniter\CodeIgniter))
 9 FCPATH\index.php(56): CodeIgniter\Boot::bootWeb(Object(Config\Paths))
10 SYSTEMPATH\rewrite.php(44): require_once('C:\\xampp\\htdocs\\TouristAgency\\public\\index.php')
CRITICAL - 2024-12-04 10:39:12 --> ParseError: syntax error, unexpected token "}"
[Method: POST, Route: loggin]
in APPPATH\Controllers\Loggin.php on line 23.
 1 SYSTEMPATH\Autoloader\Autoloader.php(296): CodeIgniter\Autoloader\Autoloader->includeFile('C:\\xampp\\htdocs\\TouristAgency\\app\\Controllers\\Loggin.php')
 2 SYSTEMPATH\Autoloader\Autoloader.php(272): CodeIgniter\Autoloader\Autoloader->loadInNamespace('App\\Controllers\\Loggin')
 3 [internal function]: CodeIgniter\Autoloader\Autoloader->loadClass('App\\Controllers\\Loggin')
 4 SYSTEMPATH\CodeIgniter.php(887): class_exists('\\App\\Controllers\\Loggin', true)
 5 SYSTEMPATH\CodeIgniter.php(496): CodeIgniter\CodeIgniter->startController()
 6 SYSTEMPATH\CodeIgniter.php(355): CodeIgniter\CodeIgniter->handleRequest(null, Object(Config\Cache), false)
 7 SYSTEMPATH\Boot.php(325): CodeIgniter\CodeIgniter->run()
 8 SYSTEMPATH\Boot.php(67): CodeIgniter\Boot::runCodeIgniter(Object(CodeIgniter\CodeIgniter))
 9 FCPATH\index.php(56): CodeIgniter\Boot::bootWeb(Object(Config\Paths))
10 SYSTEMPATH\rewrite.php(44): require_once('C:\\xampp\\htdocs\\TouristAgency\\public\\index.php')
CRITICAL - 2024-12-04 10:51:26 --> Error: Object of class App\Entities\User could not be converted to string
[Method: GET, Route: /]
in APPPATH\Views\Home\index.php on line 5.
 1 SYSTEMPATH\View\View.php(234): include()
 2 SYSTEMPATH\View\View.php(237): CodeIgniter\View\View->CodeIgniter\View\{closure}()
 3 SYSTEMPATH\Common.php(1171): CodeIgniter\View\View->render('/Home/index', [], true)
 4 APPPATH\Controllers\Home.php(8): view('/Home/index')
 5 SYSTEMPATH\CodeIgniter.php(933): App\Controllers\Home->index()
 6 SYSTEMPATH\CodeIgniter.php(509): CodeIgniter\CodeIgniter->runController(Object(App\Controllers\Home))
 7 SYSTEMPATH\CodeIgniter.php(355): CodeIgniter\CodeIgniter->handleRequest(null, Object(Config\Cache), false)
 8 SYSTEMPATH\Boot.php(325): CodeIgniter\CodeIgniter->run()
 9 SYSTEMPATH\Boot.php(67): CodeIgniter\Boot::runCodeIgniter(Object(CodeIgniter\CodeIgniter))
10 FCPATH\index.php(56): CodeIgniter\Boot::bootWeb(Object(Config\Paths))
11 SYSTEMPATH\rewrite.php(44): require_once('C:\\xampp\\htdocs\\TouristAgency\\public\\index.php')
CRITICAL - 2024-12-04 10:52:51 --> Error: Object of class App\Entities\User could not be converted to string
[Method: GET, Route: /]
in APPPATH\Views\Home\index.php on line 5.
 1 SYSTEMPATH\View\View.php(234): include()
 2 SYSTEMPATH\View\View.php(237): CodeIgniter\View\View->CodeIgniter\View\{closure}()
 3 SYSTEMPATH\Common.php(1171): CodeIgniter\View\View->render('/Home/index', [], true)
 4 APPPATH\Controllers\Home.php(8): view('/Home/index')
 5 SYSTEMPATH\CodeIgniter.php(933): App\Controllers\Home->index()
 6 SYSTEMPATH\CodeIgniter.php(509): CodeIgniter\CodeIgniter->runController(Object(App\Controllers\Home))
 7 SYSTEMPATH\CodeIgniter.php(355): CodeIgniter\CodeIgniter->handleRequest(null, Object(Config\Cache), false)
 8 SYSTEMPATH\Boot.php(325): CodeIgniter\CodeIgniter->run()
 9 SYSTEMPATH\Boot.php(67): CodeIgniter\Boot::runCodeIgniter(Object(CodeIgniter\CodeIgniter))
10 FCPATH\index.php(56): CodeIgniter\Boot::bootWeb(Object(Config\Paths))
11 SYSTEMPATH\rewrite.php(44): require_once('C:\\xampp\\htdocs\\TouristAgency\\public\\index.php')
CRITICAL - 2024-12-04 10:52:58 --> Error: Object of class App\Entities\User could not be converted to string
[Method: GET, Route: /]
in APPPATH\Views\Home\index.php on line 5.
 1 SYSTEMPATH\View\View.php(234): include()
 2 SYSTEMPATH\View\View.php(237): CodeIgniter\View\View->CodeIgniter\View\{closure}()
 3 SYSTEMPATH\Common.php(1171): CodeIgniter\View\View->render('/Home/index', [], true)
 4 APPPATH\Controllers\Home.php(8): view('/Home/index')
 5 SYSTEMPATH\CodeIgniter.php(933): App\Controllers\Home->index()
 6 SYSTEMPATH\CodeIgniter.php(509): CodeIgniter\CodeIgniter->runController(Object(App\Controllers\Home))
 7 SYSTEMPATH\CodeIgniter.php(355): CodeIgniter\CodeIgniter->handleRequest(null, Object(Config\Cache), false)
 8 SYSTEMPATH\Boot.php(325): CodeIgniter\CodeIgniter->run()
 9 SYSTEMPATH\Boot.php(67): CodeIgniter\Boot::runCodeIgniter(Object(CodeIgniter\CodeIgniter))
10 FCPATH\index.php(56): CodeIgniter\Boot::bootWeb(Object(Config\Paths))
11 SYSTEMPATH\rewrite.php(44): require_once('C:\\xampp\\htdocs\\TouristAgency\\public\\index.php')
CRITICAL - 2024-12-04 11:04:18 --> ErrorException: Attempt to read property "email" on null
[Method: POST, Route: loggin]
in APPPATH\Controllers\Loggin.php on line 25.
 1 APPPATH\Controllers\Loggin.php(25): CodeIgniter\Debug\Exceptions->errorHandler(2, 'Attempt to read property "email" on null', 'C:\\xampp\\htdocs\\TouristAgency\\app\\Controllers\\Loggin.php', 25)
 2 SYSTEMPATH\CodeIgniter.php(933): App\Controllers\Loggin->loggin()
 3 SYSTEMPATH\CodeIgniter.php(509): CodeIgniter\CodeIgniter->runController(Object(App\Controllers\Loggin))
 4 SYSTEMPATH\CodeIgniter.php(355): CodeIgniter\CodeIgniter->handleRequest(null, Object(Config\Cache), false)
 5 SYSTEMPATH\Boot.php(325): CodeIgniter\CodeIgniter->run()
 6 SYSTEMPATH\Boot.php(67): CodeIgniter\Boot::runCodeIgniter(Object(CodeIgniter\CodeIgniter))
 7 FCPATH\index.php(56): CodeIgniter\Boot::bootWeb(Object(Config\Paths))
 8 SYSTEMPATH\rewrite.php(44): require_once('C:\\xampp\\htdocs\\TouristAgency\\public\\index.php')
CRITICAL - 2024-12-04 11:05:56 --> ErrorException: Attempt to read property "login" on null
[Method: POST, Route: loggin]
in APPPATH\Controllers\Loggin.php on line 25.
 1 APPPATH\Controllers\Loggin.php(25): CodeIgniter\Debug\Exceptions->errorHandler(2, 'Attempt to read property "login" on null', 'C:\\xampp\\htdocs\\TouristAgency\\app\\Controllers\\Loggin.php', 25)
 2 SYSTEMPATH\CodeIgniter.php(933): App\Controllers\Loggin->loggin()
 3 SYSTEMPATH\CodeIgniter.php(509): CodeIgniter\CodeIgniter->runController(Object(App\Controllers\Loggin))
 4 SYSTEMPATH\CodeIgniter.php(355): CodeIgniter\CodeIgniter->handleRequest(null, Object(Config\Cache), false)
 5 SYSTEMPATH\Boot.php(325): CodeIgniter\CodeIgniter->run()
 6 SYSTEMPATH\Boot.php(67): CodeIgniter\Boot::runCodeIgniter(Object(CodeIgniter\CodeIgniter))
 7 FCPATH\index.php(56): CodeIgniter\Boot::bootWeb(Object(Config\Paths))
 8 SYSTEMPATH\rewrite.php(44): require_once('C:\\xampp\\htdocs\\TouristAgency\\public\\index.php')
CRITICAL - 2024-12-04 11:06:08 --> ErrorException: Attempt to read property "login" on null
[Method: POST, Route: loggin]
in APPPATH\Controllers\Loggin.php on line 25.
 1 APPPATH\Controllers\Loggin.php(25): CodeIgniter\Debug\Exceptions->errorHandler(2, 'Attempt to read property "login" on null', 'C:\\xampp\\htdocs\\TouristAgency\\app\\Controllers\\Loggin.php', 25)
 2 SYSTEMPATH\CodeIgniter.php(933): App\Controllers\Loggin->loggin()
 3 SYSTEMPATH\CodeIgniter.php(509): CodeIgniter\CodeIgniter->runController(Object(App\Controllers\Loggin))
 4 SYSTEMPATH\CodeIgniter.php(355): CodeIgniter\CodeIgniter->handleRequest(null, Object(Config\Cache), false)
 5 SYSTEMPATH\Boot.php(325): CodeIgniter\CodeIgniter->run()
 6 SYSTEMPATH\Boot.php(67): CodeIgniter\Boot::runCodeIgniter(Object(CodeIgniter\CodeIgniter))
 7 FCPATH\index.php(56): CodeIgniter\Boot::bootWeb(Object(Config\Paths))
 8 SYSTEMPATH\rewrite.php(44): require_once('C:\\xampp\\htdocs\\TouristAgency\\public\\index.php')
CRITICAL - 2024-12-04 11:07:07 --> ErrorException: Attempt to read property "email" on null
[Method: POST, Route: loggin]
in APPPATH\Controllers\Loggin.php on line 25.
 1 APPPATH\Controllers\Loggin.php(25): CodeIgniter\Debug\Exceptions->errorHandler(2, 'Attempt to read property "email" on null', 'C:\\xampp\\htdocs\\TouristAgency\\app\\Controllers\\Loggin.php', 25)
 2 SYSTEMPATH\CodeIgniter.php(933): App\Controllers\Loggin->loggin()
 3 SYSTEMPATH\CodeIgniter.php(509): CodeIgniter\CodeIgniter->runController(Object(App\Controllers\Loggin))
 4 SYSTEMPATH\CodeIgniter.php(355): CodeIgniter\CodeIgniter->handleRequest(null, Object(Config\Cache), false)
 5 SYSTEMPATH\Boot.php(325): CodeIgniter\CodeIgniter->run()
 6 SYSTEMPATH\Boot.php(67): CodeIgniter\Boot::runCodeIgniter(Object(CodeIgniter\CodeIgniter))
 7 FCPATH\index.php(56): CodeIgniter\Boot::bootWeb(Object(Config\Paths))
 8 SYSTEMPATH\rewrite.php(44): require_once('C:\\xampp\\htdocs\\TouristAgency\\public\\index.php')
CRITICAL - 2024-12-04 11:43:07 --> ErrorException: Undefined variable $data
[Method: GET, Route: /]
in APPPATH\Views\layouts\default.php on line 14.
 1 APPPATH\Views\layouts\default.php(14): CodeIgniter\Debug\Exceptions->errorHandler(2, 'Undefined variable $data', 'C:\\xampp\\htdocs\\TouristAgency\\app\\Views\\layouts\\default.php', 14)
 2 SYSTEMPATH\View\View.php(234): include('C:\\xampp\\htdocs\\TouristAgency\\app\\Views\\layouts\\default.php')
 3 SYSTEMPATH\View\View.php(237): CodeIgniter\View\View->CodeIgniter\View\{closure}()
 4 SYSTEMPATH\View\View.php(250): CodeIgniter\View\View->render('layouts/default', [], true)
 5 SYSTEMPATH\Common.php(1171): CodeIgniter\View\View->render('/Home/index', [], true)
 6 APPPATH\Controllers\Home.php(8): view('/Home/index')
 7 SYSTEMPATH\CodeIgniter.php(933): App\Controllers\Home->index()
 8 SYSTEMPATH\CodeIgniter.php(509): CodeIgniter\CodeIgniter->runController(Object(App\Controllers\Home))
 9 SYSTEMPATH\CodeIgniter.php(355): CodeIgniter\CodeIgniter->handleRequest(null, Object(Config\Cache), false)
10 SYSTEMPATH\Boot.php(325): CodeIgniter\CodeIgniter->run()
11 SYSTEMPATH\Boot.php(67): CodeIgniter\Boot::runCodeIgniter(Object(CodeIgniter\CodeIgniter))
12 FCPATH\index.php(56): CodeIgniter\Boot::bootWeb(Object(Config\Paths))
13 SYSTEMPATH\rewrite.php(44): require_once('C:\\xampp\\htdocs\\TouristAgency\\public\\index.php')
CRITICAL - 2024-12-04 11:43:11 --> ErrorException: Undefined variable $data
[Method: GET, Route: /]
in APPPATH\Views\layouts\default.php on line 14.
 1 APPPATH\Views\layouts\default.php(14): CodeIgniter\Debug\Exceptions->errorHandler(2, 'Undefined variable $data', 'C:\\xampp\\htdocs\\TouristAgency\\app\\Views\\layouts\\default.php', 14)
 2 SYSTEMPATH\View\View.php(234): include('C:\\xampp\\htdocs\\TouristAgency\\app\\Views\\layouts\\default.php')
 3 SYSTEMPATH\View\View.php(237): CodeIgniter\View\View->CodeIgniter\View\{closure}()
 4 SYSTEMPATH\View\View.php(250): CodeIgniter\View\View->render('layouts/default', [], true)
 5 SYSTEMPATH\Common.php(1171): CodeIgniter\View\View->render('/Home/index', [], true)
 6 APPPATH\Controllers\Home.php(8): view('/Home/index')
 7 SYSTEMPATH\CodeIgniter.php(933): App\Controllers\Home->index()
 8 SYSTEMPATH\CodeIgniter.php(509): CodeIgniter\CodeIgniter->runController(Object(App\Controllers\Home))
 9 SYSTEMPATH\CodeIgniter.php(355): CodeIgniter\CodeIgniter->handleRequest(null, Object(Config\Cache), false)
10 SYSTEMPATH\Boot.php(325): CodeIgniter\CodeIgniter->run()
11 SYSTEMPATH\Boot.php(67): CodeIgniter\Boot::runCodeIgniter(Object(CodeIgniter\CodeIgniter))
12 FCPATH\index.php(56): CodeIgniter\Boot::bootWeb(Object(Config\Paths))
13 SYSTEMPATH\rewrite.php(44): require_once('C:\\xampp\\htdocs\\TouristAgency\\public\\index.php')
CRITICAL - 2024-12-04 11:43:11 --> ErrorException: Undefined variable $data
[Method: GET, Route: /]
in APPPATH\Views\layouts\default.php on line 14.
 1 APPPATH\Views\layouts\default.php(14): CodeIgniter\Debug\Exceptions->errorHandler(2, 'Undefined variable $data', 'C:\\xampp\\htdocs\\TouristAgency\\app\\Views\\layouts\\default.php', 14)
 2 SYSTEMPATH\View\View.php(234): include('C:\\xampp\\htdocs\\TouristAgency\\app\\Views\\layouts\\default.php')
 3 SYSTEMPATH\View\View.php(237): CodeIgniter\View\View->CodeIgniter\View\{closure}()
 4 SYSTEMPATH\View\View.php(250): CodeIgniter\View\View->render('layouts/default', [], true)
 5 SYSTEMPATH\Common.php(1171): CodeIgniter\View\View->render('/Home/index', [], true)
 6 APPPATH\Controllers\Home.php(8): view('/Home/index')
 7 SYSTEMPATH\CodeIgniter.php(933): App\Controllers\Home->index()
 8 SYSTEMPATH\CodeIgniter.php(509): CodeIgniter\CodeIgniter->runController(Object(App\Controllers\Home))
 9 SYSTEMPATH\CodeIgniter.php(355): CodeIgniter\CodeIgniter->handleRequest(null, Object(Config\Cache), false)
10 SYSTEMPATH\Boot.php(325): CodeIgniter\CodeIgniter->run()
11 SYSTEMPATH\Boot.php(67): CodeIgniter\Boot::runCodeIgniter(Object(CodeIgniter\CodeIgniter))
12 FCPATH\index.php(56): CodeIgniter\Boot::bootWeb(Object(Config\Paths))
13 SYSTEMPATH\rewrite.php(44): require_once('C:\\xampp\\htdocs\\TouristAgency\\public\\index.php')
CRITICAL - 2024-12-04 11:43:15 --> ErrorException: Undefined variable $data
[Method: GET, Route: registration]
in APPPATH\Views\layouts\default.php on line 14.
 1 APPPATH\Views\layouts\default.php(14): CodeIgniter\Debug\Exceptions->errorHandler(2, 'Undefined variable $data', 'C:\\xampp\\htdocs\\TouristAgency\\app\\Views\\layouts\\default.php', 14)
 2 SYSTEMPATH\View\View.php(234): include('C:\\xampp\\htdocs\\TouristAgency\\app\\Views\\layouts\\default.php')
 3 SYSTEMPATH\View\View.php(237): CodeIgniter\View\View->CodeIgniter\View\{closure}()
 4 SYSTEMPATH\View\View.php(250): CodeIgniter\View\View->render('layouts/default', [], true)
 5 SYSTEMPATH\Common.php(1171): CodeIgniter\View\View->render('/Registration/registration', [], true)
 6 APPPATH\Controllers\Registration.php(14): view('/Registration/registration')
 7 SYSTEMPATH\CodeIgniter.php(933): App\Controllers\Registration->index()
 8 SYSTEMPATH\CodeIgniter.php(509): CodeIgniter\CodeIgniter->runController(Object(App\Controllers\Registration))
 9 SYSTEMPATH\CodeIgniter.php(355): CodeIgniter\CodeIgniter->handleRequest(null, Object(Config\Cache), false)
10 SYSTEMPATH\Boot.php(325): CodeIgniter\CodeIgniter->run()
11 SYSTEMPATH\Boot.php(67): CodeIgniter\Boot::runCodeIgniter(Object(CodeIgniter\CodeIgniter))
12 FCPATH\index.php(56): CodeIgniter\Boot::bootWeb(Object(Config\Paths))
13 SYSTEMPATH\rewrite.php(44): require_once('C:\\xampp\\htdocs\\TouristAgency\\public\\index.php')
CRITICAL - 2024-12-04 11:43:17 --> ErrorException: Undefined variable $data
[Method: GET, Route: /]
in APPPATH\Views\layouts\default.php on line 14.
 1 APPPATH\Views\layouts\default.php(14): CodeIgniter\Debug\Exceptions->errorHandler(2, 'Undefined variable $data', 'C:\\xampp\\htdocs\\TouristAgency\\app\\Views\\layouts\\default.php', 14)
 2 SYSTEMPATH\View\View.php(234): include('C:\\xampp\\htdocs\\TouristAgency\\app\\Views\\layouts\\default.php')
 3 SYSTEMPATH\View\View.php(237): CodeIgniter\View\View->CodeIgniter\View\{closure}()
 4 SYSTEMPATH\View\View.php(250): CodeIgniter\View\View->render('layouts/default', [], true)
 5 SYSTEMPATH\Common.php(1171): CodeIgniter\View\View->render('/Home/index', [], true)
 6 APPPATH\Controllers\Home.php(8): view('/Home/index')
 7 SYSTEMPATH\CodeIgniter.php(933): App\Controllers\Home->index()
 8 SYSTEMPATH\CodeIgniter.php(509): CodeIgniter\CodeIgniter->runController(Object(App\Controllers\Home))
 9 SYSTEMPATH\CodeIgniter.php(355): CodeIgniter\CodeIgniter->handleRequest(null, Object(Config\Cache), false)
10 SYSTEMPATH\Boot.php(325): CodeIgniter\CodeIgniter->run()
11 SYSTEMPATH\Boot.php(67): CodeIgniter\Boot::runCodeIgniter(Object(CodeIgniter\CodeIgniter))
12 FCPATH\index.php(56): CodeIgniter\Boot::bootWeb(Object(Config\Paths))
CRITICAL - 2024-12-04 11:43:36 --> ErrorException: Undefined variable $data
[Method: GET, Route: /]
in APPPATH\Views\layouts\default.php on line 14.
 1 APPPATH\Views\layouts\default.php(14): CodeIgniter\Debug\Exceptions->errorHandler(2, 'Undefined variable $data', 'C:\\xampp\\htdocs\\TouristAgency\\app\\Views\\layouts\\default.php', 14)
 2 SYSTEMPATH\View\View.php(234): include('C:\\xampp\\htdocs\\TouristAgency\\app\\Views\\layouts\\default.php')
 3 SYSTEMPATH\View\View.php(237): CodeIgniter\View\View->CodeIgniter\View\{closure}()
 4 SYSTEMPATH\View\View.php(250): CodeIgniter\View\View->render('layouts/default', [], true)
 5 SYSTEMPATH\Common.php(1171): CodeIgniter\View\View->render('/Home/index', [], true)
 6 APPPATH\Controllers\Home.php(8): view('/Home/index')
 7 SYSTEMPATH\CodeIgniter.php(933): App\Controllers\Home->index()
 8 SYSTEMPATH\CodeIgniter.php(509): CodeIgniter\CodeIgniter->runController(Object(App\Controllers\Home))
 9 SYSTEMPATH\CodeIgniter.php(355): CodeIgniter\CodeIgniter->handleRequest(null, Object(Config\Cache), false)
10 SYSTEMPATH\Boot.php(325): CodeIgniter\CodeIgniter->run()
11 SYSTEMPATH\Boot.php(67): CodeIgniter\Boot::runCodeIgniter(Object(CodeIgniter\CodeIgniter))
12 FCPATH\index.php(56): CodeIgniter\Boot::bootWeb(Object(Config\Paths))
CRITICAL - 2024-12-04 11:44:10 --> ErrorException: Undefined variable $data
[Method: GET, Route: /]
in APPPATH\Views\layouts\default.php on line 14.
 1 APPPATH\Views\layouts\default.php(14): CodeIgniter\Debug\Exceptions->errorHandler(2, 'Undefined variable $data', 'C:\\xampp\\htdocs\\TouristAgency\\app\\Views\\layouts\\default.php', 14)
 2 SYSTEMPATH\View\View.php(234): include('C:\\xampp\\htdocs\\TouristAgency\\app\\Views\\layouts\\default.php')
 3 SYSTEMPATH\View\View.php(237): CodeIgniter\View\View->CodeIgniter\View\{closure}()
 4 SYSTEMPATH\View\View.php(250): CodeIgniter\View\View->render('layouts/default', [], true)
 5 SYSTEMPATH\Common.php(1171): CodeIgniter\View\View->render('/Home/index', [], true)
 6 APPPATH\Controllers\Home.php(8): view('/Home/index')
 7 SYSTEMPATH\CodeIgniter.php(933): App\Controllers\Home->index()
 8 SYSTEMPATH\CodeIgniter.php(509): CodeIgniter\CodeIgniter->runController(Object(App\Controllers\Home))
 9 SYSTEMPATH\CodeIgniter.php(355): CodeIgniter\CodeIgniter->handleRequest(null, Object(Config\Cache), false)
10 SYSTEMPATH\Boot.php(325): CodeIgniter\CodeIgniter->run()
11 SYSTEMPATH\Boot.php(67): CodeIgniter\Boot::runCodeIgniter(Object(CodeIgniter\CodeIgniter))
12 FCPATH\index.php(56): CodeIgniter\Boot::bootWeb(Object(Config\Paths))
CRITICAL - 2024-12-04 11:44:21 --> ErrorException: Undefined variable $data
[Method: GET, Route: /]
in APPPATH\Views\layouts\default.php on line 14.
 1 APPPATH\Views\layouts\default.php(14): CodeIgniter\Debug\Exceptions->errorHandler(2, 'Undefined variable $data', 'C:\\xampp\\htdocs\\TouristAgency\\app\\Views\\layouts\\default.php', 14)
 2 SYSTEMPATH\View\View.php(234): include('C:\\xampp\\htdocs\\TouristAgency\\app\\Views\\layouts\\default.php')
 3 SYSTEMPATH\View\View.php(237): CodeIgniter\View\View->CodeIgniter\View\{closure}()
 4 SYSTEMPATH\View\View.php(250): CodeIgniter\View\View->render('layouts/default', [], true)
 5 SYSTEMPATH\Common.php(1171): CodeIgniter\View\View->render('/Home/index', [], true)
 6 APPPATH\Controllers\Home.php(8): view('/Home/index')
 7 SYSTEMPATH\CodeIgniter.php(933): App\Controllers\Home->index()
 8 SYSTEMPATH\CodeIgniter.php(509): CodeIgniter\CodeIgniter->runController(Object(App\Controllers\Home))
 9 SYSTEMPATH\CodeIgniter.php(355): CodeIgniter\CodeIgniter->handleRequest(null, Object(Config\Cache), false)
10 SYSTEMPATH\Boot.php(325): CodeIgniter\CodeIgniter->run()
11 SYSTEMPATH\Boot.php(67): CodeIgniter\Boot::runCodeIgniter(Object(CodeIgniter\CodeIgniter))
12 FCPATH\index.php(56): CodeIgniter\Boot::bootWeb(Object(Config\Paths))
CRITICAL - 2024-12-04 11:56:45 --> ErrorException: Undefined variable $data
[Method: GET, Route: /]
in APPPATH\Views\layouts\default.php on line 14.
 1 APPPATH\Views\layouts\default.php(14): CodeIgniter\Debug\Exceptions->errorHandler(2, 'Undefined variable $data', 'C:\\xampp\\htdocs\\TouristAgency\\app\\Views\\layouts\\default.php', 14)
 2 SYSTEMPATH\View\View.php(234): include('C:\\xampp\\htdocs\\TouristAgency\\app\\Views\\layouts\\default.php')
 3 SYSTEMPATH\View\View.php(237): CodeIgniter\View\View->CodeIgniter\View\{closure}()
 4 SYSTEMPATH\View\View.php(250): CodeIgniter\View\View->render('layouts/default', [], true)
 5 SYSTEMPATH\Common.php(1171): CodeIgniter\View\View->render('/Home/index', [], true)
 6 APPPATH\Controllers\Home.php(8): view('/Home/index')
 7 SYSTEMPATH\CodeIgniter.php(933): App\Controllers\Home->index()
 8 SYSTEMPATH\CodeIgniter.php(509): CodeIgniter\CodeIgniter->runController(Object(App\Controllers\Home))
 9 SYSTEMPATH\CodeIgniter.php(355): CodeIgniter\CodeIgniter->handleRequest(null, Object(Config\Cache), false)
10 SYSTEMPATH\Boot.php(325): CodeIgniter\CodeIgniter->run()
11 SYSTEMPATH\Boot.php(67): CodeIgniter\Boot::runCodeIgniter(Object(CodeIgniter\CodeIgniter))
12 FCPATH\index.php(56): CodeIgniter\Boot::bootWeb(Object(Config\Paths))
CRITICAL - 2024-12-04 11:56:50 --> ErrorException: Undefined variable $data
[Method: GET, Route: registration]
in APPPATH\Views\layouts\default.php on line 14.
 1 APPPATH\Views\layouts\default.php(14): CodeIgniter\Debug\Exceptions->errorHandler(2, 'Undefined variable $data', 'C:\\xampp\\htdocs\\TouristAgency\\app\\Views\\layouts\\default.php', 14)
 2 SYSTEMPATH\View\View.php(234): include('C:\\xampp\\htdocs\\TouristAgency\\app\\Views\\layouts\\default.php')
 3 SYSTEMPATH\View\View.php(237): CodeIgniter\View\View->CodeIgniter\View\{closure}()
 4 SYSTEMPATH\View\View.php(250): CodeIgniter\View\View->render('layouts/default', [], true)
 5 SYSTEMPATH\Common.php(1171): CodeIgniter\View\View->render('/Registration/registration', [], true)
 6 APPPATH\Controllers\Registration.php(14): view('/Registration/registration')
 7 SYSTEMPATH\CodeIgniter.php(933): App\Controllers\Registration->index()
 8 SYSTEMPATH\CodeIgniter.php(509): CodeIgniter\CodeIgniter->runController(Object(App\Controllers\Registration))
 9 SYSTEMPATH\CodeIgniter.php(355): CodeIgniter\CodeIgniter->handleRequest(null, Object(Config\Cache), false)
10 SYSTEMPATH\Boot.php(325): CodeIgniter\CodeIgniter->run()
11 SYSTEMPATH\Boot.php(67): CodeIgniter\Boot::runCodeIgniter(Object(CodeIgniter\CodeIgniter))
12 FCPATH\index.php(56): CodeIgniter\Boot::bootWeb(Object(Config\Paths))
13 SYSTEMPATH\rewrite.php(44): require_once('C:\\xampp\\htdocs\\TouristAgency\\public\\index.php')
CRITICAL - 2024-12-04 11:56:51 --> ErrorException: Undefined variable $data
[Method: GET, Route: /]
in APPPATH\Views\layouts\default.php on line 14.
 1 APPPATH\Views\layouts\default.php(14): CodeIgniter\Debug\Exceptions->errorHandler(2, 'Undefined variable $data', 'C:\\xampp\\htdocs\\TouristAgency\\app\\Views\\layouts\\default.php', 14)
 2 SYSTEMPATH\View\View.php(234): include('C:\\xampp\\htdocs\\TouristAgency\\app\\Views\\layouts\\default.php')
 3 SYSTEMPATH\View\View.php(237): CodeIgniter\View\View->CodeIgniter\View\{closure}()
 4 SYSTEMPATH\View\View.php(250): CodeIgniter\View\View->render('layouts/default', [], true)
 5 SYSTEMPATH\Common.php(1171): CodeIgniter\View\View->render('/Home/index', [], true)
 6 APPPATH\Controllers\Home.php(8): view('/Home/index')
 7 SYSTEMPATH\CodeIgniter.php(933): App\Controllers\Home->index()
 8 SYSTEMPATH\CodeIgniter.php(509): CodeIgniter\CodeIgniter->runController(Object(App\Controllers\Home))
 9 SYSTEMPATH\CodeIgniter.php(355): CodeIgniter\CodeIgniter->handleRequest(null, Object(Config\Cache), false)
10 SYSTEMPATH\Boot.php(325): CodeIgniter\CodeIgniter->run()
11 SYSTEMPATH\Boot.php(67): CodeIgniter\Boot::runCodeIgniter(Object(CodeIgniter\CodeIgniter))
12 FCPATH\index.php(56): CodeIgniter\Boot::bootWeb(Object(Config\Paths))
CRITICAL - 2024-12-04 12:07:04 --> ErrorException: Undefined variable $data
[Method: GET, Route: /]
in APPPATH\Views\layouts\default.php on line 13.
 1 APPPATH\Views\layouts\default.php(13): CodeIgniter\Debug\Exceptions->errorHandler(2, 'Undefined variable $data', 'C:\\xampp\\htdocs\\TouristAgency\\app\\Views\\layouts\\default.php', 13)
 2 SYSTEMPATH\View\View.php(234): include('C:\\xampp\\htdocs\\TouristAgency\\app\\Views\\layouts\\default.php')
 3 SYSTEMPATH\View\View.php(237): CodeIgniter\View\View->CodeIgniter\View\{closure}()
 4 SYSTEMPATH\View\View.php(250): CodeIgniter\View\View->render('layouts/default', [], true)
 5 SYSTEMPATH\Common.php(1171): CodeIgniter\View\View->render('/Home/index', [], true)
 6 APPPATH\Controllers\Home.php(8): view('/Home/index')
 7 SYSTEMPATH\CodeIgniter.php(933): App\Controllers\Home->index()
 8 SYSTEMPATH\CodeIgniter.php(509): CodeIgniter\CodeIgniter->runController(Object(App\Controllers\Home))
 9 SYSTEMPATH\CodeIgniter.php(355): CodeIgniter\CodeIgniter->handleRequest(null, Object(Config\Cache), false)
10 SYSTEMPATH\Boot.php(325): CodeIgniter\CodeIgniter->run()
11 SYSTEMPATH\Boot.php(67): CodeIgniter\Boot::runCodeIgniter(Object(CodeIgniter\CodeIgniter))
12 FCPATH\index.php(56): CodeIgniter\Boot::bootWeb(Object(Config\Paths))
CRITICAL - 2024-12-04 12:08:18 --> ErrorException: Undefined variable $data
[Method: GET, Route: /]
in APPPATH\Views\layouts\default.php on line 12.
 1 APPPATH\Views\layouts\default.php(12): CodeIgniter\Debug\Exceptions->errorHandler(2, 'Undefined variable $data', 'C:\\xampp\\htdocs\\TouristAgency\\app\\Views\\layouts\\default.php', 12)
 2 SYSTEMPATH\View\View.php(234): include('C:\\xampp\\htdocs\\TouristAgency\\app\\Views\\layouts\\default.php')
 3 SYSTEMPATH\View\View.php(237): CodeIgniter\View\View->CodeIgniter\View\{closure}()
 4 SYSTEMPATH\View\View.php(250): CodeIgniter\View\View->render('layouts/default', [], true)
 5 SYSTEMPATH\Common.php(1171): CodeIgniter\View\View->render('/Home/index', [], true)
 6 APPPATH\Controllers\Home.php(8): view('/Home/index')
 7 SYSTEMPATH\CodeIgniter.php(933): App\Controllers\Home->index()
 8 SYSTEMPATH\CodeIgniter.php(509): CodeIgniter\CodeIgniter->runController(Object(App\Controllers\Home))
 9 SYSTEMPATH\CodeIgniter.php(355): CodeIgniter\CodeIgniter->handleRequest(null, Object(Config\Cache), false)
10 SYSTEMPATH\Boot.php(325): CodeIgniter\CodeIgniter->run()
11 SYSTEMPATH\Boot.php(67): CodeIgniter\Boot::runCodeIgniter(Object(CodeIgniter\CodeIgniter))
12 FCPATH\index.php(56): CodeIgniter\Boot::bootWeb(Object(Config\Paths))
CRITICAL - 2024-12-04 12:19:56 --> ErrorException: Array to string conversion
[Method: GET, Route: /]
in APPPATH\Views\layouts\default.php on line 14.
 1 APPPATH\Views\layouts\default.php(14): CodeIgniter\Debug\Exceptions->errorHandler(2, 'Array to string conversion', 'C:\\xampp\\htdocs\\TouristAgency\\app\\Views\\layouts\\default.php', 14)
 2 SYSTEMPATH\View\View.php(234): include('C:\\xampp\\htdocs\\TouristAgency\\app\\Views\\layouts\\default.php')
 3 SYSTEMPATH\View\View.php(237): CodeIgniter\View\View->CodeIgniter\View\{closure}()
 4 SYSTEMPATH\View\View.php(250): CodeIgniter\View\View->render('layouts/default', [], true)
 5 SYSTEMPATH\Common.php(1171): CodeIgniter\View\View->render('/Home/index', [], true)
 6 APPPATH\Controllers\Home.php(8): view('/Home/index')
 7 SYSTEMPATH\CodeIgniter.php(933): App\Controllers\Home->index()
 8 SYSTEMPATH\CodeIgniter.php(509): CodeIgniter\CodeIgniter->runController(Object(App\Controllers\Home))
 9 SYSTEMPATH\CodeIgniter.php(355): CodeIgniter\CodeIgniter->handleRequest(null, Object(Config\Cache), false)
10 SYSTEMPATH\Boot.php(325): CodeIgniter\CodeIgniter->run()
11 SYSTEMPATH\Boot.php(67): CodeIgniter\Boot::runCodeIgniter(Object(CodeIgniter\CodeIgniter))
12 FCPATH\index.php(56): CodeIgniter\Boot::bootWeb(Object(Config\Paths))
CRITICAL - 2024-12-04 12:20:03 --> ErrorException: Array to string conversion
[Method: GET, Route: registration]
in APPPATH\Views\layouts\default.php on line 14.
 1 APPPATH\Views\layouts\default.php(14): CodeIgniter\Debug\Exceptions->errorHandler(2, 'Array to string conversion', 'C:\\xampp\\htdocs\\TouristAgency\\app\\Views\\layouts\\default.php', 14)
 2 SYSTEMPATH\View\View.php(234): include('C:\\xampp\\htdocs\\TouristAgency\\app\\Views\\layouts\\default.php')
 3 SYSTEMPATH\View\View.php(237): CodeIgniter\View\View->CodeIgniter\View\{closure}()
 4 SYSTEMPATH\View\View.php(250): CodeIgniter\View\View->render('layouts/default', [], true)
 5 SYSTEMPATH\Common.php(1171): CodeIgniter\View\View->render('/Registration/registration', [], true)
 6 APPPATH\Controllers\Registration.php(14): view('/Registration/registration')
 7 SYSTEMPATH\CodeIgniter.php(933): App\Controllers\Registration->index()
 8 SYSTEMPATH\CodeIgniter.php(509): CodeIgniter\CodeIgniter->runController(Object(App\Controllers\Registration))
 9 SYSTEMPATH\CodeIgniter.php(355): CodeIgniter\CodeIgniter->handleRequest(null, Object(Config\Cache), false)
10 SYSTEMPATH\Boot.php(325): CodeIgniter\CodeIgniter->run()
11 SYSTEMPATH\Boot.php(67): CodeIgniter\Boot::runCodeIgniter(Object(CodeIgniter\CodeIgniter))
12 FCPATH\index.php(56): CodeIgniter\Boot::bootWeb(Object(Config\Paths))
13 SYSTEMPATH\rewrite.php(44): require_once('C:\\xampp\\htdocs\\TouristAgency\\public\\index.php')
CRITICAL - 2024-12-04 12:20:03 --> ErrorException: Array to string conversion
[Method: GET, Route: /]
in APPPATH\Views\layouts\default.php on line 14.
 1 APPPATH\Views\layouts\default.php(14): CodeIgniter\Debug\Exceptions->errorHandler(2, 'Array to string conversion', 'C:\\xampp\\htdocs\\TouristAgency\\app\\Views\\layouts\\default.php', 14)
 2 SYSTEMPATH\View\View.php(234): include('C:\\xampp\\htdocs\\TouristAgency\\app\\Views\\layouts\\default.php')
 3 SYSTEMPATH\View\View.php(237): CodeIgniter\View\View->CodeIgniter\View\{closure}()
 4 SYSTEMPATH\View\View.php(250): CodeIgniter\View\View->render('layouts/default', [], true)
 5 SYSTEMPATH\Common.php(1171): CodeIgniter\View\View->render('/Home/index', [], true)
 6 APPPATH\Controllers\Home.php(8): view('/Home/index')
 7 SYSTEMPATH\CodeIgniter.php(933): App\Controllers\Home->index()
 8 SYSTEMPATH\CodeIgniter.php(509): CodeIgniter\CodeIgniter->runController(Object(App\Controllers\Home))
 9 SYSTEMPATH\CodeIgniter.php(355): CodeIgniter\CodeIgniter->handleRequest(null, Object(Config\Cache), false)
10 SYSTEMPATH\Boot.php(325): CodeIgniter\CodeIgniter->run()
11 SYSTEMPATH\Boot.php(67): CodeIgniter\Boot::runCodeIgniter(Object(CodeIgniter\CodeIgniter))
12 FCPATH\index.php(56): CodeIgniter\Boot::bootWeb(Object(Config\Paths))
13 SYSTEMPATH\rewrite.php(44): require_once('C:\\xampp\\htdocs\\TouristAgency\\public\\index.php')
CRITICAL - 2024-12-04 12:20:04 --> ErrorException: Array to string conversion
[Method: GET, Route: /]
in APPPATH\Views\layouts\default.php on line 14.
 1 APPPATH\Views\layouts\default.php(14): CodeIgniter\Debug\Exceptions->errorHandler(2, 'Array to string conversion', 'C:\\xampp\\htdocs\\TouristAgency\\app\\Views\\layouts\\default.php', 14)
 2 SYSTEMPATH\View\View.php(234): include('C:\\xampp\\htdocs\\TouristAgency\\app\\Views\\layouts\\default.php')
 3 SYSTEMPATH\View\View.php(237): CodeIgniter\View\View->CodeIgniter\View\{closure}()
 4 SYSTEMPATH\View\View.php(250): CodeIgniter\View\View->render('layouts/default', [], true)
 5 SYSTEMPATH\Common.php(1171): CodeIgniter\View\View->render('/Home/index', [], true)
 6 APPPATH\Controllers\Home.php(8): view('/Home/index')
 7 SYSTEMPATH\CodeIgniter.php(933): App\Controllers\Home->index()
 8 SYSTEMPATH\CodeIgniter.php(509): CodeIgniter\CodeIgniter->runController(Object(App\Controllers\Home))
 9 SYSTEMPATH\CodeIgniter.php(355): CodeIgniter\CodeIgniter->handleRequest(null, Object(Config\Cache), false)
10 SYSTEMPATH\Boot.php(325): CodeIgniter\CodeIgniter->run()
11 SYSTEMPATH\Boot.php(67): CodeIgniter\Boot::runCodeIgniter(Object(CodeIgniter\CodeIgniter))
12 FCPATH\index.php(56): CodeIgniter\Boot::bootWeb(Object(Config\Paths))
13 SYSTEMPATH\rewrite.php(44): require_once('C:\\xampp\\htdocs\\TouristAgency\\public\\index.php')
CRITICAL - 2024-12-04 12:20:16 --> ErrorException: Undefined variable $data
[Method: GET, Route: /]
in APPPATH\Views\layouts\default.php on line 14.
 1 APPPATH\Views\layouts\default.php(14): CodeIgniter\Debug\Exceptions->errorHandler(2, 'Undefined variable $data', 'C:\\xampp\\htdocs\\TouristAgency\\app\\Views\\layouts\\default.php', 14)
 2 SYSTEMPATH\View\View.php(234): include('C:\\xampp\\htdocs\\TouristAgency\\app\\Views\\layouts\\default.php')
 3 SYSTEMPATH\View\View.php(237): CodeIgniter\View\View->CodeIgniter\View\{closure}()
 4 SYSTEMPATH\View\View.php(250): CodeIgniter\View\View->render('layouts/default', [], true)
 5 SYSTEMPATH\Common.php(1171): CodeIgniter\View\View->render('/Home/index', [], true)
 6 APPPATH\Controllers\Home.php(8): view('/Home/index')
 7 SYSTEMPATH\CodeIgniter.php(933): App\Controllers\Home->index()
 8 SYSTEMPATH\CodeIgniter.php(509): CodeIgniter\CodeIgniter->runController(Object(App\Controllers\Home))
 9 SYSTEMPATH\CodeIgniter.php(355): CodeIgniter\CodeIgniter->handleRequest(null, Object(Config\Cache), false)
10 SYSTEMPATH\Boot.php(325): CodeIgniter\CodeIgniter->run()
11 SYSTEMPATH\Boot.php(67): CodeIgniter\Boot::runCodeIgniter(Object(CodeIgniter\CodeIgniter))
12 FCPATH\index.php(56): CodeIgniter\Boot::bootWeb(Object(Config\Paths))
13 SYSTEMPATH\rewrite.php(44): require_once('C:\\xampp\\htdocs\\TouristAgency\\public\\index.php')
CRITICAL - 2024-12-04 12:34:37 --> Error: Call to undefined method CodeIgniter\View\View::view()
[Method: GET, Route: /]
in APPPATH\Views\layouts\default.php on line 15.
 1 SYSTEMPATH\View\View.php(234): include()
 2 SYSTEMPATH\View\View.php(237): CodeIgniter\View\View->CodeIgniter\View\{closure}()
 3 SYSTEMPATH\View\View.php(250): CodeIgniter\View\View->render('layouts/default', [], true)
 4 SYSTEMPATH\Common.php(1171): CodeIgniter\View\View->render('/Home/index', [], true)
 5 APPPATH\Controllers\Home.php(8): view('/Home/index')
 6 SYSTEMPATH\CodeIgniter.php(933): App\Controllers\Home->index()
 7 SYSTEMPATH\CodeIgniter.php(509): CodeIgniter\CodeIgniter->runController(Object(App\Controllers\Home))
 8 SYSTEMPATH\CodeIgniter.php(355): CodeIgniter\CodeIgniter->handleRequest(null, Object(Config\Cache), false)
 9 SYSTEMPATH\Boot.php(325): CodeIgniter\CodeIgniter->run()
10 SYSTEMPATH\Boot.php(67): CodeIgniter\Boot::runCodeIgniter(Object(CodeIgniter\CodeIgniter))
11 FCPATH\index.php(56): CodeIgniter\Boot::bootWeb(Object(Config\Paths))
12 SYSTEMPATH\rewrite.php(44): require_once('C:\\xampp\\htdocs\\TouristAgency\\public\\index.php')
CRITICAL - 2024-12-04 12:47:42 --> ErrorException: Undefined variable $successful
[Method: POST, Route: loggin]
in APPPATH\Controllers\Loggin.php on line 30.
 1 APPPATH\Controllers\Loggin.php(30): CodeIgniter\Debug\Exceptions->errorHandler(2, 'Undefined variable $successful', 'C:\\xampp\\htdocs\\TouristAgency\\app\\Controllers\\Loggin.php', 30)
 2 SYSTEMPATH\CodeIgniter.php(933): App\Controllers\Loggin->loggin()
 3 SYSTEMPATH\CodeIgniter.php(509): CodeIgniter\CodeIgniter->runController(Object(App\Controllers\Loggin))
 4 SYSTEMPATH\CodeIgniter.php(355): CodeIgniter\CodeIgniter->handleRequest(null, Object(Config\Cache), false)
 5 SYSTEMPATH\Boot.php(325): CodeIgniter\CodeIgniter->run()
 6 SYSTEMPATH\Boot.php(67): CodeIgniter\Boot::runCodeIgniter(Object(CodeIgniter\CodeIgniter))
 7 FCPATH\index.php(56): CodeIgniter\Boot::bootWeb(Object(Config\Paths))
 8 SYSTEMPATH\rewrite.php(44): require_once('C:\\xampp\\htdocs\\TouristAgency\\public\\index.php')
CRITICAL - 2024-12-04 12:47:45 --> ErrorException: Undefined variable $successful
[Method: POST, Route: loggin]
in APPPATH\Controllers\Loggin.php on line 30.
 1 APPPATH\Controllers\Loggin.php(30): CodeIgniter\Debug\Exceptions->errorHandler(2, 'Undefined variable $successful', 'C:\\xampp\\htdocs\\TouristAgency\\app\\Controllers\\Loggin.php', 30)
 2 SYSTEMPATH\CodeIgniter.php(933): App\Controllers\Loggin->loggin()
 3 SYSTEMPATH\CodeIgniter.php(509): CodeIgniter\CodeIgniter->runController(Object(App\Controllers\Loggin))
 4 SYSTEMPATH\CodeIgniter.php(355): CodeIgniter\CodeIgniter->handleRequest(null, Object(Config\Cache), false)
 5 SYSTEMPATH\Boot.php(325): CodeIgniter\CodeIgniter->run()
 6 SYSTEMPATH\Boot.php(67): CodeIgniter\Boot::runCodeIgniter(Object(CodeIgniter\CodeIgniter))
 7 FCPATH\index.php(56): CodeIgniter\Boot::bootWeb(Object(Config\Paths))
 8 SYSTEMPATH\rewrite.php(44): require_once('C:\\xampp\\htdocs\\TouristAgency\\public\\index.php')
CRITICAL - 2024-12-04 12:48:47 --> ErrorException: Undefined variable $successful
[Method: POST, Route: loggin]
in APPPATH\Controllers\Loggin.php on line 30.
 1 APPPATH\Controllers\Loggin.php(30): CodeIgniter\Debug\Exceptions->errorHandler(2, 'Undefined variable $successful', 'C:\\xampp\\htdocs\\TouristAgency\\app\\Controllers\\Loggin.php', 30)
 2 SYSTEMPATH\CodeIgniter.php(933): App\Controllers\Loggin->loggin()
 3 SYSTEMPATH\CodeIgniter.php(509): CodeIgniter\CodeIgniter->runController(Object(App\Controllers\Loggin))
 4 SYSTEMPATH\CodeIgniter.php(355): CodeIgniter\CodeIgniter->handleRequest(null, Object(Config\Cache), false)
 5 SYSTEMPATH\Boot.php(325): CodeIgniter\CodeIgniter->run()
 6 SYSTEMPATH\Boot.php(67): CodeIgniter\Boot::runCodeIgniter(Object(CodeIgniter\CodeIgniter))
 7 FCPATH\index.php(56): CodeIgniter\Boot::bootWeb(Object(Config\Paths))
 8 SYSTEMPATH\rewrite.php(44): require_once('C:\\xampp\\htdocs\\TouristAgency\\public\\index.php')
CRITICAL - 2024-12-04 12:53:57 --> ErrorException: Undefined variable $successful
[Method: POST, Route: loggin]
in APPPATH\Controllers\Loggin.php on line 28.
 1 APPPATH\Controllers\Loggin.php(28): CodeIgniter\Debug\Exceptions->errorHandler(2, 'Undefined variable $successful', 'C:\\xampp\\htdocs\\TouristAgency\\app\\Controllers\\Loggin.php', 28)
 2 SYSTEMPATH\CodeIgniter.php(933): App\Controllers\Loggin->loggin()
 3 SYSTEMPATH\CodeIgniter.php(509): CodeIgniter\CodeIgniter->runController(Object(App\Controllers\Loggin))
 4 SYSTEMPATH\CodeIgniter.php(355): CodeIgniter\CodeIgniter->handleRequest(null, Object(Config\Cache), false)
 5 SYSTEMPATH\Boot.php(325): CodeIgniter\CodeIgniter->run()
 6 SYSTEMPATH\Boot.php(67): CodeIgniter\Boot::runCodeIgniter(Object(CodeIgniter\CodeIgniter))
 7 FCPATH\index.php(56): CodeIgniter\Boot::bootWeb(Object(Config\Paths))
 8 SYSTEMPATH\rewrite.php(44): require_once('C:\\xampp\\htdocs\\TouristAgency\\public\\index.php')
CRITICAL - 2024-12-04 13:00:18 --> ErrorException: Undefined variable $successful
[Method: POST, Route: loggin]
in APPPATH\Controllers\Loggin.php on line 28.
 1 APPPATH\Controllers\Loggin.php(28): CodeIgniter\Debug\Exceptions->errorHandler(2, 'Undefined variable $successful', 'C:\\xampp\\htdocs\\TouristAgency\\app\\Controllers\\Loggin.php', 28)
 2 SYSTEMPATH\CodeIgniter.php(933): App\Controllers\Loggin->loggin()
 3 SYSTEMPATH\CodeIgniter.php(509): CodeIgniter\CodeIgniter->runController(Object(App\Controllers\Loggin))
 4 SYSTEMPATH\CodeIgniter.php(355): CodeIgniter\CodeIgniter->handleRequest(null, Object(Config\Cache), false)
 5 SYSTEMPATH\Boot.php(325): CodeIgniter\CodeIgniter->run()
 6 SYSTEMPATH\Boot.php(67): CodeIgniter\Boot::runCodeIgniter(Object(CodeIgniter\CodeIgniter))
 7 FCPATH\index.php(56): CodeIgniter\Boot::bootWeb(Object(Config\Paths))
 8 SYSTEMPATH\rewrite.php(44): require_once('C:\\xampp\\htdocs\\TouristAgency\\public\\index.php')
CRITICAL - 2024-12-04 13:00:51 --> ErrorException: Undefined variable $successful
[Method: POST, Route: loggin]
in APPPATH\Controllers\Loggin.php on line 28.
 1 APPPATH\Controllers\Loggin.php(28): CodeIgniter\Debug\Exceptions->errorHandler(2, 'Undefined variable $successful', 'C:\\xampp\\htdocs\\TouristAgency\\app\\Controllers\\Loggin.php', 28)
 2 SYSTEMPATH\CodeIgniter.php(933): App\Controllers\Loggin->loggin()
 3 SYSTEMPATH\CodeIgniter.php(509): CodeIgniter\CodeIgniter->runController(Object(App\Controllers\Loggin))
 4 SYSTEMPATH\CodeIgniter.php(355): CodeIgniter\CodeIgniter->handleRequest(null, Object(Config\Cache), false)
 5 SYSTEMPATH\Boot.php(325): CodeIgniter\CodeIgniter->run()
 6 SYSTEMPATH\Boot.php(67): CodeIgniter\Boot::runCodeIgniter(Object(CodeIgniter\CodeIgniter))
 7 FCPATH\index.php(56): CodeIgniter\Boot::bootWeb(Object(Config\Paths))
 8 SYSTEMPATH\rewrite.php(44): require_once('C:\\xampp\\htdocs\\TouristAgency\\public\\index.php')
CRITICAL - 2024-12-04 13:01:06 --> ErrorException: Undefined variable $successful
[Method: POST, Route: loggin]
in APPPATH\Controllers\Loggin.php on line 28.
 1 APPPATH\Controllers\Loggin.php(28): CodeIgniter\Debug\Exceptions->errorHandler(2, 'Undefined variable $successful', 'C:\\xampp\\htdocs\\TouristAgency\\app\\Controllers\\Loggin.php', 28)
 2 SYSTEMPATH\CodeIgniter.php(933): App\Controllers\Loggin->loggin()
 3 SYSTEMPATH\CodeIgniter.php(509): CodeIgniter\CodeIgniter->runController(Object(App\Controllers\Loggin))
 4 SYSTEMPATH\CodeIgniter.php(355): CodeIgniter\CodeIgniter->handleRequest(null, Object(Config\Cache), false)
 5 SYSTEMPATH\Boot.php(325): CodeIgniter\CodeIgniter->run()
 6 SYSTEMPATH\Boot.php(67): CodeIgniter\Boot::runCodeIgniter(Object(CodeIgniter\CodeIgniter))
 7 FCPATH\index.php(56): CodeIgniter\Boot::bootWeb(Object(Config\Paths))
 8 SYSTEMPATH\rewrite.php(44): require_once('C:\\xampp\\htdocs\\TouristAgency\\public\\index.php')
CRITICAL - 2024-12-04 13:01:19 --> ErrorException: Undefined variable $successful
[Method: POST, Route: loggin]
in APPPATH\Controllers\Loggin.php on line 28.
 1 APPPATH\Controllers\Loggin.php(28): CodeIgniter\Debug\Exceptions->errorHandler(2, 'Undefined variable $successful', 'C:\\xampp\\htdocs\\TouristAgency\\app\\Controllers\\Loggin.php', 28)
 2 SYSTEMPATH\CodeIgniter.php(933): App\Controllers\Loggin->loggin()
 3 SYSTEMPATH\CodeIgniter.php(509): CodeIgniter\CodeIgniter->runController(Object(App\Controllers\Loggin))
 4 SYSTEMPATH\CodeIgniter.php(355): CodeIgniter\CodeIgniter->handleRequest(null, Object(Config\Cache), false)
 5 SYSTEMPATH\Boot.php(325): CodeIgniter\CodeIgniter->run()
 6 SYSTEMPATH\Boot.php(67): CodeIgniter\Boot::runCodeIgniter(Object(CodeIgniter\CodeIgniter))
 7 FCPATH\index.php(56): CodeIgniter\Boot::bootWeb(Object(Config\Paths))
 8 SYSTEMPATH\rewrite.php(44): require_once('C:\\xampp\\htdocs\\TouristAgency\\public\\index.php')
CRITICAL - 2024-12-04 13:01:44 --> ErrorException: Undefined variable $successful
[Method: POST, Route: loggin]
in APPPATH\Controllers\Loggin.php on line 28.
 1 APPPATH\Controllers\Loggin.php(28): CodeIgniter\Debug\Exceptions->errorHandler(2, 'Undefined variable $successful', 'C:\\xampp\\htdocs\\TouristAgency\\app\\Controllers\\Loggin.php', 28)
 2 SYSTEMPATH\CodeIgniter.php(933): App\Controllers\Loggin->loggin()
 3 SYSTEMPATH\CodeIgniter.php(509): CodeIgniter\CodeIgniter->runController(Object(App\Controllers\Loggin))
 4 SYSTEMPATH\CodeIgniter.php(355): CodeIgniter\CodeIgniter->handleRequest(null, Object(Config\Cache), false)
 5 SYSTEMPATH\Boot.php(325): CodeIgniter\CodeIgniter->run()
 6 SYSTEMPATH\Boot.php(67): CodeIgniter\Boot::runCodeIgniter(Object(CodeIgniter\CodeIgniter))
 7 FCPATH\index.php(56): CodeIgniter\Boot::bootWeb(Object(Config\Paths))
 8 SYSTEMPATH\rewrite.php(44): require_once('C:\\xampp\\htdocs\\TouristAgency\\public\\index.php')
CRITICAL - 2024-12-04 13:01:58 --> ErrorException: Undefined variable $successful
[Method: POST, Route: loggin]
in APPPATH\Controllers\Loggin.php on line 28.
 1 APPPATH\Controllers\Loggin.php(28): CodeIgniter\Debug\Exceptions->errorHandler(2, 'Undefined variable $successful', 'C:\\xampp\\htdocs\\TouristAgency\\app\\Controllers\\Loggin.php', 28)
 2 SYSTEMPATH\CodeIgniter.php(933): App\Controllers\Loggin->loggin()
 3 SYSTEMPATH\CodeIgniter.php(509): CodeIgniter\CodeIgniter->runController(Object(App\Controllers\Loggin))
 4 SYSTEMPATH\CodeIgniter.php(355): CodeIgniter\CodeIgniter->handleRequest(null, Object(Config\Cache), false)
 5 SYSTEMPATH\Boot.php(325): CodeIgniter\CodeIgniter->run()
 6 SYSTEMPATH\Boot.php(67): CodeIgniter\Boot::runCodeIgniter(Object(CodeIgniter\CodeIgniter))
 7 FCPATH\index.php(56): CodeIgniter\Boot::bootWeb(Object(Config\Paths))
 8 SYSTEMPATH\rewrite.php(44): require_once('C:\\xampp\\htdocs\\TouristAgency\\public\\index.php')
CRITICAL - 2024-12-04 13:02:38 --> ErrorException: Undefined variable $successful
[Method: POST, Route: loggin]
in APPPATH\Controllers\Loggin.php on line 28.
 1 APPPATH\Controllers\Loggin.php(28): CodeIgniter\Debug\Exceptions->errorHandler(2, 'Undefined variable $successful', 'C:\\xampp\\htdocs\\TouristAgency\\app\\Controllers\\Loggin.php', 28)
 2 SYSTEMPATH\CodeIgniter.php(933): App\Controllers\Loggin->loggin()
 3 SYSTEMPATH\CodeIgniter.php(509): CodeIgniter\CodeIgniter->runController(Object(App\Controllers\Loggin))
 4 SYSTEMPATH\CodeIgniter.php(355): CodeIgniter\CodeIgniter->handleRequest(null, Object(Config\Cache), false)
 5 SYSTEMPATH\Boot.php(325): CodeIgniter\CodeIgniter->run()
 6 SYSTEMPATH\Boot.php(67): CodeIgniter\Boot::runCodeIgniter(Object(CodeIgniter\CodeIgniter))
 7 FCPATH\index.php(56): CodeIgniter\Boot::bootWeb(Object(Config\Paths))
 8 SYSTEMPATH\rewrite.php(44): require_once('C:\\xampp\\htdocs\\TouristAgency\\public\\index.php')
CRITICAL - 2024-12-04 13:02:40 --> ErrorException: Undefined variable $successful
[Method: POST, Route: loggin]
in APPPATH\Controllers\Loggin.php on line 28.
 1 APPPATH\Controllers\Loggin.php(28): CodeIgniter\Debug\Exceptions->errorHandler(2, 'Undefined variable $successful', 'C:\\xampp\\htdocs\\TouristAgency\\app\\Controllers\\Loggin.php', 28)
 2 SYSTEMPATH\CodeIgniter.php(933): App\Controllers\Loggin->loggin()
 3 SYSTEMPATH\CodeIgniter.php(509): CodeIgniter\CodeIgniter->runController(Object(App\Controllers\Loggin))
 4 SYSTEMPATH\CodeIgniter.php(355): CodeIgniter\CodeIgniter->handleRequest(null, Object(Config\Cache), false)
 5 SYSTEMPATH\Boot.php(325): CodeIgniter\CodeIgniter->run()
 6 SYSTEMPATH\Boot.php(67): CodeIgniter\Boot::runCodeIgniter(Object(CodeIgniter\CodeIgniter))
 7 FCPATH\index.php(56): CodeIgniter\Boot::bootWeb(Object(Config\Paths))
 8 SYSTEMPATH\rewrite.php(44): require_once('C:\\xampp\\htdocs\\TouristAgency\\public\\index.php')
CRITICAL - 2024-12-04 13:02:43 --> ErrorException: Undefined variable $successful
[Method: POST, Route: loggin]
in APPPATH\Controllers\Loggin.php on line 28.
 1 APPPATH\Controllers\Loggin.php(28): CodeIgniter\Debug\Exceptions->errorHandler(2, 'Undefined variable $successful', 'C:\\xampp\\htdocs\\TouristAgency\\app\\Controllers\\Loggin.php', 28)
 2 SYSTEMPATH\CodeIgniter.php(933): App\Controllers\Loggin->loggin()
 3 SYSTEMPATH\CodeIgniter.php(509): CodeIgniter\CodeIgniter->runController(Object(App\Controllers\Loggin))
 4 SYSTEMPATH\CodeIgniter.php(355): CodeIgniter\CodeIgniter->handleRequest(null, Object(Config\Cache), false)
 5 SYSTEMPATH\Boot.php(325): CodeIgniter\CodeIgniter->run()
 6 SYSTEMPATH\Boot.php(67): CodeIgniter\Boot::runCodeIgniter(Object(CodeIgniter\CodeIgniter))
 7 FCPATH\index.php(56): CodeIgniter\Boot::bootWeb(Object(Config\Paths))
 8 SYSTEMPATH\rewrite.php(44): require_once('C:\\xampp\\htdocs\\TouristAgency\\public\\index.php')
CRITICAL - 2024-12-04 13:07:16 --> Error: Call to undefined method CodeIgniter\Session\Session::unset()
[Method: POST, Route: loggin]
in APPPATH\Controllers\Loggin.php on line 32.
 1 SYSTEMPATH\CodeIgniter.php(933): App\Controllers\Loggin->loggin()
 2 SYSTEMPATH\CodeIgniter.php(509): CodeIgniter\CodeIgniter->runController(Object(App\Controllers\Loggin))
 3 SYSTEMPATH\CodeIgniter.php(355): CodeIgniter\CodeIgniter->handleRequest(null, Object(Config\Cache), false)
 4 SYSTEMPATH\Boot.php(325): CodeIgniter\CodeIgniter->run()
 5 SYSTEMPATH\Boot.php(67): CodeIgniter\Boot::runCodeIgniter(Object(CodeIgniter\CodeIgniter))
 6 FCPATH\index.php(56): CodeIgniter\Boot::bootWeb(Object(Config\Paths))
 7 SYSTEMPATH\rewrite.php(44): require_once('C:\\xampp\\htdocs\\TouristAgency\\public\\index.php')
CRITICAL - 2024-12-04 13:07:20 --> Error: Call to undefined method CodeIgniter\Session\Session::unset()
[Method: POST, Route: loggin]
in APPPATH\Controllers\Loggin.php on line 32.
 1 SYSTEMPATH\CodeIgniter.php(933): App\Controllers\Loggin->loggin()
 2 SYSTEMPATH\CodeIgniter.php(509): CodeIgniter\CodeIgniter->runController(Object(App\Controllers\Loggin))
 3 SYSTEMPATH\CodeIgniter.php(355): CodeIgniter\CodeIgniter->handleRequest(null, Object(Config\Cache), false)
 4 SYSTEMPATH\Boot.php(325): CodeIgniter\CodeIgniter->run()
 5 SYSTEMPATH\Boot.php(67): CodeIgniter\Boot::runCodeIgniter(Object(CodeIgniter\CodeIgniter))
 6 FCPATH\index.php(56): CodeIgniter\Boot::bootWeb(Object(Config\Paths))
 7 SYSTEMPATH\rewrite.php(44): require_once('C:\\xampp\\htdocs\\TouristAgency\\public\\index.php')
CRITICAL - 2024-12-04 13:07:25 --> Error: Call to undefined method CodeIgniter\Session\Session::unset()
[Method: POST, Route: loggin]
in APPPATH\Controllers\Loggin.php on line 32.
 1 SYSTEMPATH\CodeIgniter.php(933): App\Controllers\Loggin->loggin()
 2 SYSTEMPATH\CodeIgniter.php(509): CodeIgniter\CodeIgniter->runController(Object(App\Controllers\Loggin))
 3 SYSTEMPATH\CodeIgniter.php(355): CodeIgniter\CodeIgniter->handleRequest(null, Object(Config\Cache), false)
 4 SYSTEMPATH\Boot.php(325): CodeIgniter\CodeIgniter->run()
 5 SYSTEMPATH\Boot.php(67): CodeIgniter\Boot::runCodeIgniter(Object(CodeIgniter\CodeIgniter))
 6 FCPATH\index.php(56): CodeIgniter\Boot::bootWeb(Object(Config\Paths))
 7 SYSTEMPATH\rewrite.php(44): require_once('C:\\xampp\\htdocs\\TouristAgency\\public\\index.php')
CRITICAL - 2024-12-04 13:11:22 --> Error: Call to undefined method CodeIgniter\Session\Session::unset()
[Method: POST, Route: loggin]
in APPPATH\Controllers\Loggin.php on line 31.
 1 SYSTEMPATH\CodeIgniter.php(933): App\Controllers\Loggin->loggin()
 2 SYSTEMPATH\CodeIgniter.php(509): CodeIgniter\CodeIgniter->runController(Object(App\Controllers\Loggin))
 3 SYSTEMPATH\CodeIgniter.php(355): CodeIgniter\CodeIgniter->handleRequest(null, Object(Config\Cache), false)
 4 SYSTEMPATH\Boot.php(325): CodeIgniter\CodeIgniter->run()
 5 SYSTEMPATH\Boot.php(67): CodeIgniter\Boot::runCodeIgniter(Object(CodeIgniter\CodeIgniter))
 6 FCPATH\index.php(56): CodeIgniter\Boot::bootWeb(Object(Config\Paths))
 7 SYSTEMPATH\rewrite.php(44): require_once('C:\\xampp\\htdocs\\TouristAgency\\public\\index.php')
CRITICAL - 2024-12-04 13:12:23 --> Error: Call to undefined method CodeIgniter\Session\Session::unset()
[Method: POST, Route: loggin]
in APPPATH\Controllers\Loggin.php on line 31.
 1 SYSTEMPATH\CodeIgniter.php(933): App\Controllers\Loggin->loggin()
 2 SYSTEMPATH\CodeIgniter.php(509): CodeIgniter\CodeIgniter->runController(Object(App\Controllers\Loggin))
 3 SYSTEMPATH\CodeIgniter.php(355): CodeIgniter\CodeIgniter->handleRequest(null, Object(Config\Cache), false)
 4 SYSTEMPATH\Boot.php(325): CodeIgniter\CodeIgniter->run()
 5 SYSTEMPATH\Boot.php(67): CodeIgniter\Boot::runCodeIgniter(Object(CodeIgniter\CodeIgniter))
 6 FCPATH\index.php(56): CodeIgniter\Boot::bootWeb(Object(Config\Paths))
 7 SYSTEMPATH\rewrite.php(44): require_once('C:\\xampp\\htdocs\\TouristAgency\\public\\index.php')
CRITICAL - 2024-12-04 13:12:28 --> Error: Call to undefined method CodeIgniter\Session\Session::unset()
[Method: POST, Route: loggin]
in APPPATH\Controllers\Loggin.php on line 31.
 1 SYSTEMPATH\CodeIgniter.php(933): App\Controllers\Loggin->loggin()
 2 SYSTEMPATH\CodeIgniter.php(509): CodeIgniter\CodeIgniter->runController(Object(App\Controllers\Loggin))
 3 SYSTEMPATH\CodeIgniter.php(355): CodeIgniter\CodeIgniter->handleRequest(null, Object(Config\Cache), false)
 4 SYSTEMPATH\Boot.php(325): CodeIgniter\CodeIgniter->run()
 5 SYSTEMPATH\Boot.php(67): CodeIgniter\Boot::runCodeIgniter(Object(CodeIgniter\CodeIgniter))
 6 FCPATH\index.php(56): CodeIgniter\Boot::bootWeb(Object(Config\Paths))
 7 SYSTEMPATH\rewrite.php(44): require_once('C:\\xampp\\htdocs\\TouristAgency\\public\\index.php')
CRITICAL - 2024-12-04 13:13:02 --> Error: Call to undefined method CodeIgniter\Session\Session::unset()
[Method: POST, Route: loggin]
in APPPATH\Controllers\Loggin.php on line 31.
 1 SYSTEMPATH\CodeIgniter.php(933): App\Controllers\Loggin->loggin()
 2 SYSTEMPATH\CodeIgniter.php(509): CodeIgniter\CodeIgniter->runController(Object(App\Controllers\Loggin))
 3 SYSTEMPATH\CodeIgniter.php(355): CodeIgniter\CodeIgniter->handleRequest(null, Object(Config\Cache), false)
 4 SYSTEMPATH\Boot.php(325): CodeIgniter\CodeIgniter->run()
 5 SYSTEMPATH\Boot.php(67): CodeIgniter\Boot::runCodeIgniter(Object(CodeIgniter\CodeIgniter))
 6 FCPATH\index.php(56): CodeIgniter\Boot::bootWeb(Object(Config\Paths))
 7 SYSTEMPATH\rewrite.php(44): require_once('C:\\xampp\\htdocs\\TouristAgency\\public\\index.php')
CRITICAL - 2024-12-04 13:22:00 --> Error: Call to undefined method CodeIgniter\Session\Session::unset()
[Method: POST, Route: loggin]
in APPPATH\Controllers\Loggin.php on line 31.
 1 SYSTEMPATH\CodeIgniter.php(933): App\Controllers\Loggin->loggin()
 2 SYSTEMPATH\CodeIgniter.php(509): CodeIgniter\CodeIgniter->runController(Object(App\Controllers\Loggin))
 3 SYSTEMPATH\CodeIgniter.php(355): CodeIgniter\CodeIgniter->handleRequest(null, Object(Config\Cache), false)
 4 SYSTEMPATH\Boot.php(325): CodeIgniter\CodeIgniter->run()
 5 SYSTEMPATH\Boot.php(67): CodeIgniter\Boot::runCodeIgniter(Object(CodeIgniter\CodeIgniter))
 6 FCPATH\index.php(56): CodeIgniter\Boot::bootWeb(Object(Config\Paths))
 7 SYSTEMPATH\rewrite.php(44): require_once('C:\\xampp\\htdocs\\TouristAgency\\public\\index.php')
CRITICAL - 2024-12-04 13:22:58 --> Error: Call to undefined method CodeIgniter\Session\Session::unset()
[Method: POST, Route: loggin]
in APPPATH\Controllers\Loggin.php on line 31.
 1 SYSTEMPATH\CodeIgniter.php(933): App\Controllers\Loggin->loggin()
 2 SYSTEMPATH\CodeIgniter.php(509): CodeIgniter\CodeIgniter->runController(Object(App\Controllers\Loggin))
 3 SYSTEMPATH\CodeIgniter.php(355): CodeIgniter\CodeIgniter->handleRequest(null, Object(Config\Cache), false)
 4 SYSTEMPATH\Boot.php(325): CodeIgniter\CodeIgniter->run()
 5 SYSTEMPATH\Boot.php(67): CodeIgniter\Boot::runCodeIgniter(Object(CodeIgniter\CodeIgniter))
 6 FCPATH\index.php(56): CodeIgniter\Boot::bootWeb(Object(Config\Paths))
 7 SYSTEMPATH\rewrite.php(44): require_once('C:\\xampp\\htdocs\\TouristAgency\\public\\index.php')
CRITICAL - 2024-12-04 13:23:02 --> Error: Call to undefined method CodeIgniter\Session\Session::unset()
[Method: POST, Route: loggin]
in APPPATH\Controllers\Loggin.php on line 31.
 1 SYSTEMPATH\CodeIgniter.php(933): App\Controllers\Loggin->loggin()
 2 SYSTEMPATH\CodeIgniter.php(509): CodeIgniter\CodeIgniter->runController(Object(App\Controllers\Loggin))
 3 SYSTEMPATH\CodeIgniter.php(355): CodeIgniter\CodeIgniter->handleRequest(null, Object(Config\Cache), false)
 4 SYSTEMPATH\Boot.php(325): CodeIgniter\CodeIgniter->run()
 5 SYSTEMPATH\Boot.php(67): CodeIgniter\Boot::runCodeIgniter(Object(CodeIgniter\CodeIgniter))
 6 FCPATH\index.php(56): CodeIgniter\Boot::bootWeb(Object(Config\Paths))
 7 SYSTEMPATH\rewrite.php(44): require_once('C:\\xampp\\htdocs\\TouristAgency\\public\\index.php')
CRITICAL - 2024-12-04 13:23:07 --> Error: Call to undefined method CodeIgniter\Session\Session::unset()
[Method: POST, Route: loggin]
in APPPATH\Controllers\Loggin.php on line 31.
 1 SYSTEMPATH\CodeIgniter.php(933): App\Controllers\Loggin->loggin()
 2 SYSTEMPATH\CodeIgniter.php(509): CodeIgniter\CodeIgniter->runController(Object(App\Controllers\Loggin))
 3 SYSTEMPATH\CodeIgniter.php(355): CodeIgniter\CodeIgniter->handleRequest(null, Object(Config\Cache), false)
 4 SYSTEMPATH\Boot.php(325): CodeIgniter\CodeIgniter->run()
 5 SYSTEMPATH\Boot.php(67): CodeIgniter\Boot::runCodeIgniter(Object(CodeIgniter\CodeIgniter))
 6 FCPATH\index.php(56): CodeIgniter\Boot::bootWeb(Object(Config\Paths))
 7 SYSTEMPATH\rewrite.php(44): require_once('C:\\xampp\\htdocs\\TouristAgency\\public\\index.php')
CRITICAL - 2024-12-04 13:23:55 --> Error: Call to undefined method CodeIgniter\Session\Session::unset()
[Method: POST, Route: loggin]
in APPPATH\Controllers\Loggin.php on line 31.
 1 SYSTEMPATH\CodeIgniter.php(933): App\Controllers\Loggin->loggin()
 2 SYSTEMPATH\CodeIgniter.php(509): CodeIgniter\CodeIgniter->runController(Object(App\Controllers\Loggin))
 3 SYSTEMPATH\CodeIgniter.php(355): CodeIgniter\CodeIgniter->handleRequest(null, Object(Config\Cache), false)
 4 SYSTEMPATH\Boot.php(325): CodeIgniter\CodeIgniter->run()
 5 SYSTEMPATH\Boot.php(67): CodeIgniter\Boot::runCodeIgniter(Object(CodeIgniter\CodeIgniter))
 6 FCPATH\index.php(56): CodeIgniter\Boot::bootWeb(Object(Config\Paths))
 7 SYSTEMPATH\rewrite.php(44): require_once('C:\\xampp\\htdocs\\TouristAgency\\public\\index.php')
CRITICAL - 2024-12-04 13:23:58 --> Error: Call to undefined method CodeIgniter\Session\Session::unset()
[Method: POST, Route: loggin]
in APPPATH\Controllers\Loggin.php on line 31.
 1 SYSTEMPATH\CodeIgniter.php(933): App\Controllers\Loggin->loggin()
 2 SYSTEMPATH\CodeIgniter.php(509): CodeIgniter\CodeIgniter->runController(Object(App\Controllers\Loggin))
 3 SYSTEMPATH\CodeIgniter.php(355): CodeIgniter\CodeIgniter->handleRequest(null, Object(Config\Cache), false)
 4 SYSTEMPATH\Boot.php(325): CodeIgniter\CodeIgniter->run()
 5 SYSTEMPATH\Boot.php(67): CodeIgniter\Boot::runCodeIgniter(Object(CodeIgniter\CodeIgniter))
 6 FCPATH\index.php(56): CodeIgniter\Boot::bootWeb(Object(Config\Paths))
 7 SYSTEMPATH\rewrite.php(44): require_once('C:\\xampp\\htdocs\\TouristAgency\\public\\index.php')
CRITICAL - 2024-12-04 13:24:17 --> Error: Call to undefined method CodeIgniter\Session\Session::unset()
[Method: POST, Route: loggin]
in APPPATH\Controllers\Loggin.php on line 31.
 1 SYSTEMPATH\CodeIgniter.php(933): App\Controllers\Loggin->loggin()
 2 SYSTEMPATH\CodeIgniter.php(509): CodeIgniter\CodeIgniter->runController(Object(App\Controllers\Loggin))
 3 SYSTEMPATH\CodeIgniter.php(355): CodeIgniter\CodeIgniter->handleRequest(null, Object(Config\Cache), false)
 4 SYSTEMPATH\Boot.php(325): CodeIgniter\CodeIgniter->run()
 5 SYSTEMPATH\Boot.php(67): CodeIgniter\Boot::runCodeIgniter(Object(CodeIgniter\CodeIgniter))
 6 FCPATH\index.php(56): CodeIgniter\Boot::bootWeb(Object(Config\Paths))
 7 SYSTEMPATH\rewrite.php(44): require_once('C:\\xampp\\htdocs\\TouristAgency\\public\\index.php')
CRITICAL - 2024-12-04 13:24:52 --> Error: Call to undefined method CodeIgniter\Session\Session::unset()
[Method: POST, Route: loggin]
in APPPATH\Controllers\Loggin.php on line 31.
 1 SYSTEMPATH\CodeIgniter.php(933): App\Controllers\Loggin->loggin()
 2 SYSTEMPATH\CodeIgniter.php(509): CodeIgniter\CodeIgniter->runController(Object(App\Controllers\Loggin))
 3 SYSTEMPATH\CodeIgniter.php(355): CodeIgniter\CodeIgniter->handleRequest(null, Object(Config\Cache), false)
 4 SYSTEMPATH\Boot.php(325): CodeIgniter\CodeIgniter->run()
 5 SYSTEMPATH\Boot.php(67): CodeIgniter\Boot::runCodeIgniter(Object(CodeIgniter\CodeIgniter))
 6 FCPATH\index.php(56): CodeIgniter\Boot::bootWeb(Object(Config\Paths))
 7 SYSTEMPATH\rewrite.php(44): require_once('C:\\xampp\\htdocs\\TouristAgency\\public\\index.php')
CRITICAL - 2024-12-04 13:25:02 --> Error: Call to undefined method CodeIgniter\Session\Session::unset()
[Method: POST, Route: loggin]
in APPPATH\Controllers\Loggin.php on line 31.
 1 SYSTEMPATH\CodeIgniter.php(933): App\Controllers\Loggin->loggin()
 2 SYSTEMPATH\CodeIgniter.php(509): CodeIgniter\CodeIgniter->runController(Object(App\Controllers\Loggin))
 3 SYSTEMPATH\CodeIgniter.php(355): CodeIgniter\CodeIgniter->handleRequest(null, Object(Config\Cache), false)
 4 SYSTEMPATH\Boot.php(325): CodeIgniter\CodeIgniter->run()
 5 SYSTEMPATH\Boot.php(67): CodeIgniter\Boot::runCodeIgniter(Object(CodeIgniter\CodeIgniter))
 6 FCPATH\index.php(56): CodeIgniter\Boot::bootWeb(Object(Config\Paths))
 7 SYSTEMPATH\rewrite.php(44): require_once('C:\\xampp\\htdocs\\TouristAgency\\public\\index.php')
CRITICAL - 2024-12-04 13:26:51 --> Error: Call to undefined method CodeIgniter\Session\Session::unset()
[Method: POST, Route: loggin]
in APPPATH\Controllers\Loggin.php on line 31.
 1 SYSTEMPATH\CodeIgniter.php(933): App\Controllers\Loggin->loggin()
 2 SYSTEMPATH\CodeIgniter.php(509): CodeIgniter\CodeIgniter->runController(Object(App\Controllers\Loggin))
 3 SYSTEMPATH\CodeIgniter.php(355): CodeIgniter\CodeIgniter->handleRequest(null, Object(Config\Cache), false)
 4 SYSTEMPATH\Boot.php(325): CodeIgniter\CodeIgniter->run()
 5 SYSTEMPATH\Boot.php(67): CodeIgniter\Boot::runCodeIgniter(Object(CodeIgniter\CodeIgniter))
 6 FCPATH\index.php(56): CodeIgniter\Boot::bootWeb(Object(Config\Paths))
 7 SYSTEMPATH\rewrite.php(44): require_once('C:\\xampp\\htdocs\\TouristAgency\\public\\index.php')
CRITICAL - 2024-12-04 13:27:12 --> Error: Call to undefined method CodeIgniter\Session\Session::unset()
[Method: POST, Route: loggin]
in APPPATH\Controllers\Loggin.php on line 31.
 1 SYSTEMPATH\CodeIgniter.php(933): App\Controllers\Loggin->loggin()
 2 SYSTEMPATH\CodeIgniter.php(509): CodeIgniter\CodeIgniter->runController(Object(App\Controllers\Loggin))
 3 SYSTEMPATH\CodeIgniter.php(355): CodeIgniter\CodeIgniter->handleRequest(null, Object(Config\Cache), false)
 4 SYSTEMPATH\Boot.php(325): CodeIgniter\CodeIgniter->run()
 5 SYSTEMPATH\Boot.php(67): CodeIgniter\Boot::runCodeIgniter(Object(CodeIgniter\CodeIgniter))
 6 FCPATH\index.php(56): CodeIgniter\Boot::bootWeb(Object(Config\Paths))
 7 SYSTEMPATH\rewrite.php(44): require_once('C:\\xampp\\htdocs\\TouristAgency\\public\\index.php')
CRITICAL - 2024-12-04 13:44:19 --> Error: Call to undefined method CodeIgniter\Session\Session::unset()
[Method: POST, Route: loggin]
in APPPATH\Controllers\Loggin.php on line 30.
 1 SYSTEMPATH\CodeIgniter.php(933): App\Controllers\Loggin->loggin()
 2 SYSTEMPATH\CodeIgniter.php(509): CodeIgniter\CodeIgniter->runController(Object(App\Controllers\Loggin))
 3 SYSTEMPATH\CodeIgniter.php(355): CodeIgniter\CodeIgniter->handleRequest(null, Object(Config\Cache), false)
 4 SYSTEMPATH\Boot.php(325): CodeIgniter\CodeIgniter->run()
 5 SYSTEMPATH\Boot.php(67): CodeIgniter\Boot::runCodeIgniter(Object(CodeIgniter\CodeIgniter))
 6 FCPATH\index.php(56): CodeIgniter\Boot::bootWeb(Object(Config\Paths))
 7 SYSTEMPATH\rewrite.php(44): require_once('C:\\xampp\\htdocs\\TouristAgency\\public\\index.php')
CRITICAL - 2024-12-04 13:44:35 --> Error: Call to undefined method CodeIgniter\Session\Session::unset()
[Method: POST, Route: loggin]
in APPPATH\Controllers\Loggin.php on line 30.
 1 SYSTEMPATH\CodeIgniter.php(933): App\Controllers\Loggin->loggin()
 2 SYSTEMPATH\CodeIgniter.php(509): CodeIgniter\CodeIgniter->runController(Object(App\Controllers\Loggin))
 3 SYSTEMPATH\CodeIgniter.php(355): CodeIgniter\CodeIgniter->handleRequest(null, Object(Config\Cache), false)
 4 SYSTEMPATH\Boot.php(325): CodeIgniter\CodeIgniter->run()
 5 SYSTEMPATH\Boot.php(67): CodeIgniter\Boot::runCodeIgniter(Object(CodeIgniter\CodeIgniter))
 6 FCPATH\index.php(56): CodeIgniter\Boot::bootWeb(Object(Config\Paths))
 7 SYSTEMPATH\rewrite.php(44): require_once('C:\\xampp\\htdocs\\TouristAgency\\public\\index.php')
CRITICAL - 2024-12-04 13:44:38 --> Error: Call to undefined method CodeIgniter\Session\Session::unset()
[Method: POST, Route: loggin]
in APPPATH\Controllers\Loggin.php on line 30.
 1 SYSTEMPATH\CodeIgniter.php(933): App\Controllers\Loggin->loggin()
 2 SYSTEMPATH\CodeIgniter.php(509): CodeIgniter\CodeIgniter->runController(Object(App\Controllers\Loggin))
 3 SYSTEMPATH\CodeIgniter.php(355): CodeIgniter\CodeIgniter->handleRequest(null, Object(Config\Cache), false)
 4 SYSTEMPATH\Boot.php(325): CodeIgniter\CodeIgniter->run()
 5 SYSTEMPATH\Boot.php(67): CodeIgniter\Boot::runCodeIgniter(Object(CodeIgniter\CodeIgniter))
 6 FCPATH\index.php(56): CodeIgniter\Boot::bootWeb(Object(Config\Paths))
 7 SYSTEMPATH\rewrite.php(44): require_once('C:\\xampp\\htdocs\\TouristAgency\\public\\index.php')
